{"numTotalTestSuites":58,"numPassedTestSuites":43,"numFailedTestSuites":15,"numPendingTestSuites":0,"numTotalTests":156,"numPassedTests":124,"numFailedTests":32,"numPendingTests":0,"numTodoTests":0,"snapshot":{"added":0,"failure":false,"filesAdded":0,"filesRemoved":0,"filesRemovedList":[],"filesUnmatched":0,"filesUpdated":0,"matched":0,"total":0,"unchecked":0,"uncheckedKeysByFile":[],"unmatched":0,"updated":0,"didUpdate":false},"startTime":1776452983297,"success":false,"testResults":[{"assertionResults":[{"ancestorTitles":["isEncrypted"],"fullName":"isEncrypted returns true for enc1: prefixed strings","status":"passed","title":"returns true for enc1: prefixed strings","duration":4.407200000000046,"failureMessages":[],"meta":{},"tags":[]},{"ancestorTitles":["isEncrypted"],"fullName":"isEncrypted returns false for plain strings","status":"passed","title":"returns false for plain strings","duration":0.3117000000000303,"failureMessages":[],"meta":{},"tags":[]},{"ancestorTitles":["isEncrypted"],"fullName":"isEncrypted returns false for null-ish values","status":"passed","title":"returns false for null-ish values","duration":0.2407999999999788,"failureMessages":[],"meta":{},"tags":[]},{"ancestorTitles":["encrypt / decrypt roundtrip"],"fullName":"encrypt / decrypt roundtrip roundtrips a plain string","status":"passed","title":"roundtrips a plain string","duration":0.8999000000000024,"failureMessages":[],"meta":{},"tags":[]},{"ancestorTitles":["encrypt / decrypt roundtrip"],"fullName":"encrypt / decrypt roundtrip roundtrips an empty string","status":"passed","title":"roundtrips an empty string","duration":0.5606000000000222,"failureMessages":[],"meta":{},"tags":[]},{"ancestorTitles":["encrypt / decrypt roundtrip"],"fullName":"encrypt / decrypt roundtrip roundtrips a TipTap JSON document","status":"passed","title":"roundtrips a TipTap JSON document","duration":0.5855999999999995,"failureMessages":[],"meta":{},"tags":[]},{"ancestorTitles":["encrypt / decrypt roundtrip"],"fullName":"encrypt / decrypt roundtrip roundtrips unicode / emoji content","status":"passed","title":"roundtrips unicode / emoji content","duration":0.5790000000000077,"failureMessages":[],"meta":{},"tags":[]},{"ancestorTitles":["encrypt / decrypt roundtrip"],"fullName":"encrypt / decrypt roundtrip roundtrips large content (100 kB)","status":"passed","title":"roundtrips large content (100 kB)","duration":15.452200000000005,"failureMessages":[],"meta":{},"tags":[]},{"ancestorTitles":["encrypt / decrypt roundtrip"],"fullName":"encrypt / decrypt roundtrip produces different ciphertext each call (random nonce)","status":"passed","title":"produces different ciphertext each call (random nonce)","duration":1.1000999999999976,"failureMessages":[],"meta":{},"tags":[]},{"ancestorTitles":["key isolation"],"fullName":"key isolation decrypt with wrong key throws","status":"passed","title":"decrypt with wrong key throws","duration":2.394799999999975,"failureMessages":[],"meta":{},"tags":[]},{"ancestorTitles":["key isolation"],"fullName":"key isolation ciphertext from key A cannot be decrypted by key B","status":"passed","title":"ciphertext from key A cannot be decrypted by key B","duration":0.4420999999999822,"failureMessages":[],"meta":{},"tags":[]},{"ancestorTitles":["decrypt passthrough"],"fullName":"decrypt passthrough returns plain strings unchanged (no enc1: prefix)","status":"passed","title":"returns plain strings unchanged (no enc1: prefix)","duration":0.3383000000000038,"failureMessages":[],"meta":{},"tags":[]}],"startTime":1776452986762,"endTime":1776452986790.3384,"status":"passed","message":"","name":"C:/Users/karto/Desktop/StreamNotes/StreamNotes/src/__tests__/crypto/cipher.test.ts"},{"assertionResults":[{"ancestorTitles":["per-feed encryption isolation"],"fullName":"per-feed encryption isolation note encrypted with FEK0 decrypts with FEK0","status":"passed","title":"note encrypted with FEK0 decrypts with FEK0","duration":98.76349999999996,"failureMessages":[],"meta":{},"tags":[]},{"ancestorTitles":["per-feed encryption isolation"],"fullName":"per-feed encryption isolation note encrypted with FEK0 cannot be decrypted with FEK1","status":"passed","title":"note encrypted with FEK0 cannot be decrypted with FEK1","duration":30.81170000000003,"failureMessages":[],"meta":{},"tags":[]},{"ancestorTitles":["per-feed encryption isolation"],"fullName":"per-feed encryption isolation note encrypted with FEK0 cannot be decrypted with master key","status":"passed","title":"note encrypted with FEK0 cannot be decrypted with master key","duration":22.101,"failureMessages":[],"meta":{},"tags":[]},{"ancestorTitles":["per-feed encryption isolation"],"fullName":"per-feed encryption isolation note encrypted with master key cannot be decrypted with FEK","status":"passed","title":"note encrypted with master key cannot be decrypted with FEK","duration":22.857099999999946,"failureMessages":[],"meta":{},"tags":[]},{"ancestorTitles":["per-feed encryption isolation"],"fullName":"per-feed encryption isolation two feeds on same seed produce isolated keys","status":"passed","title":"two feeds on same seed produce isolated keys","duration":24.614299999999957,"failureMessages":[],"meta":{},"tags":[]},{"ancestorTitles":["FEK hex serialization roundtrip"],"fullName":"FEK hex serialization roundtrip hex encodes and decodes a FEK without loss","status":"passed","title":"hex encodes and decodes a FEK without loss","duration":19.175500000000056,"failureMessages":[],"meta":{},"tags":[]},{"ancestorTitles":["FEK hex serialization roundtrip"],"fullName":"FEK hex serialization roundtrip FEK stored as hex can be used to decrypt data","status":"passed","title":"FEK stored as hex can be used to decrypt data","duration":17.337999999999965,"failureMessages":[],"meta":{},"tags":[]},{"ancestorTitles":["FEK encrypted with master key (DB storage)"],"fullName":"FEK encrypted with master key (DB storage) master key can wrap and unwrap a FEK","status":"passed","title":"master key can wrap and unwrap a FEK","duration":23.42190000000005,"failureMessages":[],"meta":{},"tags":[]},{"ancestorTitles":["FEK encrypted with master key (DB storage)"],"fullName":"FEK encrypted with master key (DB storage) wrong master key cannot unwrap FEK","status":"passed","title":"wrong master key cannot unwrap FEK","duration":24.96799999999996,"failureMessages":[],"meta":{},"tags":[]},{"ancestorTitles":["multi-user scenario"],"fullName":"multi-user scenario two users sharing the same FEK can read each others notes","status":"passed","title":"two users sharing the same FEK can read each others notes","duration":24.72289999999998,"failureMessages":[],"meta":{},"tags":[]},{"ancestorTitles":["multi-user scenario"],"fullName":"multi-user scenario two users with different master keys produce different FEK for index 0","status":"passed","title":"two users with different master keys produce different FEK for index 0","duration":35.99390000000005,"failureMessages":[],"meta":{},"tags":[]}],"startTime":1776452985557,"endTime":1776452985902.994,"status":"passed","message":"","name":"C:/Users/karto/Desktop/StreamNotes/StreamNotes/src/__tests__/crypto/feedEncryption.test.ts"},{"assertionResults":[{"ancestorTitles":["deriveKeys — determinism"],"fullName":"deriveKeys — determinism produces the same nostrPubKey from the same seed","status":"passed","title":"produces the same nostrPubKey from the same seed","duration":116.06439999999998,"failureMessages":[],"meta":{},"tags":[]},{"ancestorTitles":["deriveKeys — determinism"],"fullName":"deriveKeys — determinism produces the same contentKey from the same seed","status":"passed","title":"produces the same contentKey from the same seed","duration":34.93280000000004,"failureMessages":[],"meta":{},"tags":[]},{"ancestorTitles":["deriveKeys — determinism"],"fullName":"deriveKeys — determinism produces different keys from different seeds","status":"passed","title":"produces different keys from different seeds","duration":35.918000000000006,"failureMessages":[],"meta":{},"tags":[]},{"ancestorTitles":["deriveKeys — determinism"],"fullName":"deriveKeys — determinism nostrPubKey is a 64-char hex string (32 bytes)","status":"passed","title":"nostrPubKey is a 64-char hex string (32 bytes)","duration":17.528600000000097,"failureMessages":[],"meta":{},"tags":[]},{"ancestorTitles":["deriveKeys — determinism"],"fullName":"deriveKeys — determinism contentKey is 32 bytes","status":"passed","title":"contentKey is 32 bytes","duration":16.40039999999999,"failureMessages":[],"meta":{},"tags":[]},{"ancestorTitles":["deriveKeys — determinism"],"fullName":"deriveKeys — determinism nostrPrivKey matches nostrPubKey (schnorr)","status":"passed","title":"nostrPrivKey matches nostrPubKey (schnorr)","duration":18.226,"failureMessages":[],"meta":{},"tags":[]},{"ancestorTitles":["deriveFeedKey — determinism & isolation"],"fullName":"deriveFeedKey — determinism & isolation same seed + same index → same FEK","status":"passed","title":"same seed + same index → same FEK","duration":22.90339999999992,"failureMessages":[],"meta":{},"tags":[]},{"ancestorTitles":["deriveFeedKey — determinism & isolation"],"fullName":"deriveFeedKey — determinism & isolation different indices → different FEKs","status":"passed","title":"different indices → different FEKs","duration":27.267700000000104,"failureMessages":[],"meta":{},"tags":[]},{"ancestorTitles":["deriveFeedKey — determinism & isolation"],"fullName":"deriveFeedKey — determinism & isolation FEK is different from the master contentKey","status":"passed","title":"FEK is different from the master contentKey","duration":20.935500000000047,"failureMessages":[],"meta":{},"tags":[]},{"ancestorTitles":["deriveFeedKey — determinism & isolation"],"fullName":"deriveFeedKey — determinism & isolation FEK from different seeds are different (same index)","status":"passed","title":"FEK from different seeds are different (same index)","duration":37.03520000000003,"failureMessages":[],"meta":{},"tags":[]},{"ancestorTitles":["deriveFeedKey — determinism & isolation"],"fullName":"deriveFeedKey — determinism & isolation FEK is 32 bytes","status":"passed","title":"FEK is 32 bytes","duration":25.339899999999943,"failureMessages":[],"meta":{},"tags":[]},{"ancestorTitles":["deriveFeedKey — determinism & isolation"],"fullName":"deriveFeedKey — determinism & isolation supports large key indices (sync scenario: many feeds)","status":"passed","title":"supports large key indices (sync scenario: many feeds)","duration":21.610700000000065,"failureMessages":[],"meta":{},"tags":[]},{"ancestorTitles":["generateRandomFeedKey"],"fullName":"generateRandomFeedKey returns 32 bytes","status":"passed","title":"returns 32 bytes","duration":0.27549999999996544,"failureMessages":[],"meta":{},"tags":[]},{"ancestorTitles":["generateRandomFeedKey"],"fullName":"generateRandomFeedKey is different on each call","status":"passed","title":"is different on each call","duration":0.2725000000000364,"failureMessages":[],"meta":{},"tags":[]}],"startTime":1776452985565,"endTime":1776452985961.2754,"status":"passed","message":"","name":"C:/Users/karto/Desktop/StreamNotes/StreamNotes/src/__tests__/crypto/keys.test.ts"},{"assertionResults":[{"ancestorTitles":["rescueOrphans — no cycles"],"fullName":"rescueOrphans — no cycles linear chain: A → B → C is left intact","status":"failed","title":"linear chain: A → B → C is left intact","duration":5.946899999999914,"failureMessages":["TypeError: undefined is not iterable (cannot read property Symbol(Symbol.iterator))\n    at Object.<anonymous> (C:/Users/karto/Desktop/StreamNotes/StreamNotes/src/__tests__/db/rescueOrphans.test.ts:21:17)\n    at Object.Mock (file:///C:/Users/karto/Desktop/StreamNotes/StreamNotes/node_modules/@vitest/spy/dist/index.js:332:34)\n    at rescueOrphans (C:/Users/karto/Desktop/StreamNotes/StreamNotes/src/db/hooks.ts:68:12)\n    at processTicksAndRejections (node:internal/process/task_queues:103:5)\n    at C:/Users/karto/Desktop/StreamNotes/StreamNotes/src/__tests__/db/rescueOrphans.test.ts:31:5"],"meta":{},"tags":[]},{"ancestorTitles":["rescueOrphans — no cycles"],"fullName":"rescueOrphans — no cycles flat list (all roots) is left intact","status":"failed","title":"flat list (all roots) is left intact","duration":0.6611000000000331,"failureMessages":["TypeError: undefined is not iterable (cannot read property Symbol(Symbol.iterator))\n    at Object.<anonymous> (C:/Users/karto/Desktop/StreamNotes/StreamNotes/src/__tests__/db/rescueOrphans.test.ts:21:17)\n    at Object.Mock (file:///C:/Users/karto/Desktop/StreamNotes/StreamNotes/node_modules/@vitest/spy/dist/index.js:332:34)\n    at rescueOrphans (C:/Users/karto/Desktop/StreamNotes/StreamNotes/src/db/hooks.ts:68:12)\n    at processTicksAndRejections (node:internal/process/task_queues:103:5)\n    at C:/Users/karto/Desktop/StreamNotes/StreamNotes/src/__tests__/db/rescueOrphans.test.ts:37:5"],"meta":{},"tags":[]},{"ancestorTitles":["rescueOrphans — no cycles"],"fullName":"rescueOrphans — no cycles deep tree (5 levels) is left intact","status":"failed","title":"deep tree (5 levels) is left intact","duration":0.6557999999999993,"failureMessages":["TypeError: undefined is not iterable (cannot read property Symbol(Symbol.iterator))\n    at Object.<anonymous> (C:/Users/karto/Desktop/StreamNotes/StreamNotes/src/__tests__/db/rescueOrphans.test.ts:21:17)\n    at Object.Mock (file:///C:/Users/karto/Desktop/StreamNotes/StreamNotes/node_modules/@vitest/spy/dist/index.js:332:34)\n    at rescueOrphans (C:/Users/karto/Desktop/StreamNotes/StreamNotes/src/db/hooks.ts:68:12)\n    at processTicksAndRejections (node:internal/process/task_queues:103:5)\n    at C:/Users/karto/Desktop/StreamNotes/StreamNotes/src/__tests__/db/rescueOrphans.test.ts:43:5"],"meta":{},"tags":[]},{"ancestorTitles":["rescueOrphans — no cycles"],"fullName":"rescueOrphans — no cycles multiple independent trees are left intact","status":"failed","title":"multiple independent trees are left intact","duration":0.5780000000000882,"failureMessages":["TypeError: undefined is not iterable (cannot read property Symbol(Symbol.iterator))\n    at Object.<anonymous> (C:/Users/karto/Desktop/StreamNotes/StreamNotes/src/__tests__/db/rescueOrphans.test.ts:21:17)\n    at Object.Mock (file:///C:/Users/karto/Desktop/StreamNotes/StreamNotes/node_modules/@vitest/spy/dist/index.js:332:34)\n    at rescueOrphans (C:/Users/karto/Desktop/StreamNotes/StreamNotes/src/db/hooks.ts:68:12)\n    at processTicksAndRejections (node:internal/process/task_queues:103:5)\n    at C:/Users/karto/Desktop/StreamNotes/StreamNotes/src/__tests__/db/rescueOrphans.test.ts:52:5"],"meta":{},"tags":[]},{"ancestorTitles":["rescueOrphans — cycle detection"],"fullName":"rescueOrphans — cycle detection simple cycle A → B → A is broken","status":"failed","title":"simple cycle A → B → A is broken","duration":1.6449999999999818,"failureMessages":["TypeError: undefined is not iterable (cannot read property Symbol(Symbol.iterator))\n    at Object.<anonymous> (C:/Users/karto/Desktop/StreamNotes/StreamNotes/src/__tests__/db/rescueOrphans.test.ts:21:17)\n    at Object.Mock (file:///C:/Users/karto/Desktop/StreamNotes/StreamNotes/node_modules/@vitest/spy/dist/index.js:332:34)\n    at rescueOrphans (C:/Users/karto/Desktop/StreamNotes/StreamNotes/src/db/hooks.ts:68:12)\n    at processTicksAndRejections (node:internal/process/task_queues:103:5)\n    at C:/Users/karto/Desktop/StreamNotes/StreamNotes/src/__tests__/db/rescueOrphans.test.ts:60:5\n    at file:///C:/Users/karto/Desktop/StreamNotes/StreamNotes/node_modules/@vitest/runner/dist/chunk-artifact.js:1893:20"],"meta":{},"tags":[]},{"ancestorTitles":["rescueOrphans — cycle detection"],"fullName":"rescueOrphans — cycle detection self-loop A → A is broken","status":"failed","title":"self-loop A → A is broken","duration":0.704599999999914,"failureMessages":["TypeError: undefined is not iterable (cannot read property Symbol(Symbol.iterator))\n    at Object.<anonymous> (C:/Users/karto/Desktop/StreamNotes/StreamNotes/src/__tests__/db/rescueOrphans.test.ts:21:17)\n    at Object.Mock (file:///C:/Users/karto/Desktop/StreamNotes/StreamNotes/node_modules/@vitest/spy/dist/index.js:332:34)\n    at rescueOrphans (C:/Users/karto/Desktop/StreamNotes/StreamNotes/src/db/hooks.ts:68:12)\n    at processTicksAndRejections (node:internal/process/task_queues:103:5)\n    at C:/Users/karto/Desktop/StreamNotes/StreamNotes/src/__tests__/db/rescueOrphans.test.ts:71:5\n    at file:///C:/Users/karto/Desktop/StreamNotes/StreamNotes/node_modules/@vitest/runner/dist/chunk-artifact.js:1893:20"],"meta":{},"tags":[]},{"ancestorTitles":["rescueOrphans — cycle detection"],"fullName":"rescueOrphans — cycle detection three-node cycle A → B → C → A is broken","status":"failed","title":"three-node cycle A → B → C → A is broken","duration":0.7281000000000404,"failureMessages":["TypeError: undefined is not iterable (cannot read property Symbol(Symbol.iterator))\n    at Object.<anonymous> (C:/Users/karto/Desktop/StreamNotes/StreamNotes/src/__tests__/db/rescueOrphans.test.ts:21:17)\n    at Object.Mock (file:///C:/Users/karto/Desktop/StreamNotes/StreamNotes/node_modules/@vitest/spy/dist/index.js:332:34)\n    at rescueOrphans (C:/Users/karto/Desktop/StreamNotes/StreamNotes/src/db/hooks.ts:68:12)\n    at processTicksAndRejections (node:internal/process/task_queues:103:5)\n    at C:/Users/karto/Desktop/StreamNotes/StreamNotes/src/__tests__/db/rescueOrphans.test.ts:80:5\n    at file:///C:/Users/karto/Desktop/StreamNotes/StreamNotes/node_modules/@vitest/runner/dist/chunk-artifact.js:1893:20"],"meta":{},"tags":[]},{"ancestorTitles":["rescueOrphans — cycle detection"],"fullName":"rescueOrphans — cycle detection cycle mixed with valid subtree: only the cycle node is fixed","status":"failed","title":"cycle mixed with valid subtree: only the cycle node is fixed","duration":0.6377999999999702,"failureMessages":["TypeError: undefined is not iterable (cannot read property Symbol(Symbol.iterator))\n    at Object.<anonymous> (C:/Users/karto/Desktop/StreamNotes/StreamNotes/src/__tests__/db/rescueOrphans.test.ts:21:17)\n    at Object.Mock (file:///C:/Users/karto/Desktop/StreamNotes/StreamNotes/node_modules/@vitest/spy/dist/index.js:332:34)\n    at rescueOrphans (C:/Users/karto/Desktop/StreamNotes/StreamNotes/src/db/hooks.ts:68:12)\n    at processTicksAndRejections (node:internal/process/task_queues:103:5)\n    at C:/Users/karto/Desktop/StreamNotes/StreamNotes/src/__tests__/db/rescueOrphans.test.ts:103:5\n    at file:///C:/Users/karto/Desktop/StreamNotes/StreamNotes/node_modules/@vitest/runner/dist/chunk-artifact.js:1893:20"],"meta":{},"tags":[]},{"ancestorTitles":["rescueOrphans — sync scenario"],"fullName":"rescueOrphans — sync scenario handles 1000 nodes without blowing the stack","status":"failed","title":"handles 1000 nodes without blowing the stack","duration":63.28699999999992,"failureMessages":["Error: promise rejected \"TypeError: undefined is not iterable (can…\" instead of resolving\n    at _Assertion.__VITEST_RESOLVES__ (file:///C:/Users/karto/Desktop/StreamNotes/StreamNotes/node_modules/@vitest/expect/dist/index.js:1709:17)\n    at _Assertion.propertyGetter (file:///C:/Users/karto/Desktop/StreamNotes/StreamNotes/node_modules/chai/index.js:1570:27)\n    at Reflect.get (<anonymous>)\n    at Object.proxyGetter [as get] (file:///C:/Users/karto/Desktop/StreamNotes/StreamNotes/node_modules/chai/index.js:1659:22)\n    at C:/Users/karto/Desktop/StreamNotes/StreamNotes/src/__tests__/db/rescueOrphans.test.ts:120:43\n    at file:///C:/Users/karto/Desktop/StreamNotes/StreamNotes/node_modules/@vitest/runner/dist/chunk-artifact.js:302:11\n    at file:///C:/Users/karto/Desktop/StreamNotes/StreamNotes/node_modules/@vitest/runner/dist/chunk-artifact.js:1893:26\n    at file:///C:/Users/karto/Desktop/StreamNotes/StreamNotes/node_modules/@vitest/runner/dist/chunk-artifact.js:2316:20\n    at new Promise (<anonymous>)\n    at runWithCancel (file:///C:/Users/karto/Desktop/StreamNotes/StreamNotes/node_modules/@vitest/runner/dist/chunk-artifact.js:2313:10)"],"meta":{},"tags":[]},{"ancestorTitles":["rescueOrphans — sync scenario"],"fullName":"rescueOrphans — sync scenario after sync merge introducing cycle: all cycles are broken","status":"failed","title":"after sync merge introducing cycle: all cycles are broken","duration":0.8799999999999955,"failureMessages":["TypeError: undefined is not iterable (cannot read property Symbol(Symbol.iterator))\n    at Object.<anonymous> (C:/Users/karto/Desktop/StreamNotes/StreamNotes/src/__tests__/db/rescueOrphans.test.ts:21:17)\n    at Object.Mock (file:///C:/Users/karto/Desktop/StreamNotes/StreamNotes/node_modules/@vitest/spy/dist/index.js:332:34)\n    at rescueOrphans (C:/Users/karto/Desktop/StreamNotes/StreamNotes/src/db/hooks.ts:68:12)\n    at processTicksAndRejections (node:internal/process/task_queues:103:5)\n    at C:/Users/karto/Desktop/StreamNotes/StreamNotes/src/__tests__/db/rescueOrphans.test.ts:127:5\n    at file:///C:/Users/karto/Desktop/StreamNotes/StreamNotes/node_modules/@vitest/runner/dist/chunk-artifact.js:1893:20"],"meta":{},"tags":[]}],"startTime":1776452983864,"endTime":1776452983939.88,"status":"failed","message":"","name":"C:/Users/karto/Desktop/StreamNotes/StreamNotes/src/__tests__/db/rescueOrphans.test.ts"},{"assertionResults":[{"ancestorTitles":["schema array"],"fullName":"schema array is non-empty","status":"passed","title":"is non-empty","duration":2.0640999999999963,"failureMessages":[],"meta":{},"tags":[]},{"ancestorTitles":["schema array"],"fullName":"schema array contains CREATE TABLE for feeds","status":"passed","title":"contains CREATE TABLE for feeds","duration":0.49350000000004,"failureMessages":[],"meta":{},"tags":[]},{"ancestorTitles":["schema array"],"fullName":"schema array contains CREATE TABLE for notes","status":"passed","title":"contains CREATE TABLE for notes","duration":0.27839999999997644,"failureMessages":[],"meta":{},"tags":[]},{"ancestorTitles":["schema array"],"fullName":"schema array contains CREATE TABLE for links","status":"passed","title":"contains CREATE TABLE for links","duration":0.233099999999979,"failureMessages":[],"meta":{},"tags":[]},{"ancestorTitles":["schema array"],"fullName":"schema array enables CRDT on all core tables","status":"passed","title":"enables CRDT on all core tables","duration":0.2813000000000443,"failureMessages":[],"meta":{},"tags":[]},{"ancestorTitles":["schema array"],"fullName":"schema array feeds table has encryption columns","status":"passed","title":"feeds table has encryption columns","duration":0.38349999999996953,"failureMessages":[],"meta":{},"tags":[]},{"ancestorTitles":["schema array"],"fullName":"schema array notes table has author_id column","status":"passed","title":"notes table has author_id column","duration":0.24250000000000682,"failureMessages":[],"meta":{},"tags":[]},{"ancestorTitles":["schema array"],"fullName":"schema array notes table has feed_id column","status":"passed","title":"notes table has feed_id column","duration":0.23509999999998854,"failureMessages":[],"meta":{},"tags":[]},{"ancestorTitles":["schema array"],"fullName":"schema array all queries end with semicolon","status":"passed","title":"all queries end with semicolon","duration":0.5071000000000367,"failureMessages":[],"meta":{},"tags":[]},{"ancestorTitles":["migrations array"],"fullName":"migrations array is defined and is an array","status":"passed","title":"is defined and is an array","duration":0.29309999999998126,"failureMessages":[],"meta":{},"tags":[]},{"ancestorTitles":["migrations array"],"fullName":"migrations array contains only ALTER TABLE statements (additive only)","status":"passed","title":"contains only ALTER TABLE statements (additive only)","duration":0.28539999999998145,"failureMessages":[],"meta":{},"tags":[]},{"ancestorTitles":["migrations array"],"fullName":"migrations array never drops columns (no DROP COLUMN)","status":"passed","title":"never drops columns (no DROP COLUMN)","duration":0.46340000000003556,"failureMessages":[],"meta":{},"tags":[]},{"ancestorTitles":["migrations array"],"fullName":"migrations array adds the encryption columns to feeds","status":"passed","title":"adds the encryption columns to feeds","duration":0.3113999999999919,"failureMessages":[],"meta":{},"tags":[]}],"startTime":1776452986817,"endTime":1776452986823.4634,"status":"passed","message":"","name":"C:/Users/karto/Desktop/StreamNotes/StreamNotes/src/__tests__/db/schema.test.ts"},{"assertionResults":[{"ancestorTitles":["invite payload structure"],"fullName":"invite payload structure contains all required fields","status":"passed","title":"contains all required fields","duration":79.43470000000002,"failureMessages":[],"meta":{},"tags":[]},{"ancestorTitles":["invite payload structure"],"fullName":"invite payload structure fek is a 64-char hex string (32 bytes)","status":"passed","title":"fek is a 64-char hex string (32 bytes)","duration":57.09719999999999,"failureMessages":[],"meta":{},"tags":[]},{"ancestorTitles":["invite payload structure"],"fullName":"invite payload structure author_npub is a 64-char hex string","status":"passed","title":"author_npub is a 64-char hex string","duration":21.169699999999978,"failureMessages":[],"meta":{},"tags":[]},{"ancestorTitles":["invite payload structure"],"fullName":"invite payload structure is JSON-serializable and parseable","status":"passed","title":"is JSON-serializable and parseable","duration":17.676699999999983,"failureMessages":[],"meta":{},"tags":[]},{"ancestorTitles":["invite payload structure"],"fullName":"invite payload structure same sharer generates identical fek for same index","status":"passed","title":"same sharer generates identical fek for same index","duration":82.3295,"failureMessages":[],"meta":{},"tags":[]},{"ancestorTitles":["invite payload structure"],"fullName":"invite payload structure different indices produce different feks","status":"passed","title":"different indices produce different feks","duration":58.496399999999994,"failureMessages":[],"meta":{},"tags":[]},{"ancestorTitles":["collaboration: sharer writes, recipient reads"],"fullName":"collaboration: sharer writes, recipient reads recipient can decrypt sharer note using payload FEK","status":"passed","title":"recipient can decrypt sharer note using payload FEK","duration":25.338699999999903,"failureMessages":[],"meta":{},"tags":[]},{"ancestorTitles":["collaboration: sharer writes, recipient reads"],"fullName":"collaboration: sharer writes, recipient reads recipient can write notes decryptable by sharer","status":"passed","title":"recipient can write notes decryptable by sharer","duration":33.56490000000008,"failureMessages":[],"meta":{},"tags":[]},{"ancestorTitles":["collaboration: sharer writes, recipient reads"],"fullName":"collaboration: sharer writes, recipient reads notes from two different authors are both readable with shared FEK","status":"passed","title":"notes from two different authors are both readable with shared FEK","duration":22.673200000000065,"failureMessages":[],"meta":{},"tags":[]},{"ancestorTitles":["collaboration: sharer writes, recipient reads"],"fullName":"collaboration: sharer writes, recipient reads recipient cannot read sharer's private feeds (different FEK)","status":"passed","title":"recipient cannot read sharer's private feeds (different FEK)","duration":35.78589999999997,"failureMessages":[],"meta":{},"tags":[]},{"ancestorTitles":["payload validation (simulates import UI)"],"fullName":"payload validation (simulates import UI) accepts a valid payload","status":"passed","title":"accepts a valid payload","duration":16.390199999999936,"failureMessages":[],"meta":{},"tags":[]},{"ancestorTitles":["payload validation (simulates import UI)"],"fullName":"payload validation (simulates import UI) rejects missing flow_id","status":"passed","title":"rejects missing flow_id","duration":18.34770000000003,"failureMessages":[],"meta":{},"tags":[]},{"ancestorTitles":["payload validation (simulates import UI)"],"fullName":"payload validation (simulates import UI) rejects missing fek","status":"passed","title":"rejects missing fek","duration":17.8282999999999,"failureMessages":[],"meta":{},"tags":[]},{"ancestorTitles":["payload validation (simulates import UI)"],"fullName":"payload validation (simulates import UI) rejects truncated fek (not 64 chars)","status":"passed","title":"rejects truncated fek (not 64 chars)","duration":17.466800000000035,"failureMessages":[],"meta":{},"tags":[]},{"ancestorTitles":["payload validation (simulates import UI)"],"fullName":"payload validation (simulates import UI) rejects non-hex fek","status":"passed","title":"rejects non-hex fek","duration":16.439899999999966,"failureMessages":[],"meta":{},"tags":[]},{"ancestorTitles":["payload validation (simulates import UI)"],"fullName":"payload validation (simulates import UI) rejects null input","status":"passed","title":"rejects null input","duration":0.22400000000004638,"failureMessages":[],"meta":{},"tags":[]}],"startTime":1776452984347,"endTime":1776452984869.224,"status":"passed","message":"","name":"C:/Users/karto/Desktop/StreamNotes/StreamNotes/src/__tests__/sharing/invitePayload.test.ts"},{"assertionResults":[{"ancestorTitles":["encodeEvent / decodeEvent — personal channel"],"fullName":"encodeEvent / decodeEvent — personal channel roundtrips through encryption + signing","status":"passed","title":"roundtrips through encryption + signing","duration":26.83789999999999,"failureMessages":[],"meta":{},"tags":[]},{"ancestorTitles":["encodeEvent / decodeEvent — personal channel"],"fullName":"encodeEvent / decodeEvent — personal channel returns null when resolver provides no key","status":"passed","title":"returns null when resolver provides no key","duration":12.601999999999975,"failureMessages":[],"meta":{},"tags":[]},{"ancestorTitles":["encodeEvent / decodeEvent — personal channel"],"fullName":"encodeEvent / decodeEvent — personal channel returns null when ciphertext is tampered","status":"passed","title":"returns null when ciphertext is tampered","duration":12.866899999999987,"failureMessages":[],"meta":{},"tags":[]},{"ancestorTitles":["encodeEvent / decodeEvent — feed channel"],"fullName":"encodeEvent / decodeEvent — feed channel carries the f tag and round-trips with the FEK","status":"passed","title":"carries the f tag and round-trips with the FEK","duration":7.619000000000028,"failureMessages":[],"meta":{},"tags":[]},{"ancestorTitles":["encodeEvent / decodeEvent — feed channel"],"fullName":"encodeEvent / decodeEvent — feed channel rejects events when only the wrong FEK is held","status":"passed","title":"rejects events when only the wrong FEK is held","duration":35.73900000000003,"failureMessages":[],"meta":{},"tags":[]},{"ancestorTitles":["encodeEvent / decodeEvent — feed channel"],"fullName":"encodeEvent / decodeEvent — feed channel throws if encoder is asked for a feed event without feedId","status":"passed","title":"throws if encoder is asked for a feed event without feedId","duration":0.8748000000000502,"failureMessages":[],"meta":{},"tags":[]},{"ancestorTitles":["decodeEvent — defensive cases"],"fullName":"decodeEvent — defensive cases rejects events with the wrong kind","status":"passed","title":"rejects events with the wrong kind","duration":9.956399999999974,"failureMessages":[],"meta":{},"tags":[]},{"ancestorTitles":["decodeEvent — defensive cases"],"fullName":"decodeEvent — defensive cases rejects events with no channel tag","status":"passed","title":"rejects events with no channel tag","duration":7.050299999999993,"failureMessages":[],"meta":{},"tags":[]}],"startTime":1776452986335,"endTime":1776452986450.0503,"status":"passed","message":"","name":"C:/Users/karto/Desktop/StreamNotes/StreamNotes/src/__tests__/sync/eventCodec.test.ts"},{"assertionResults":[{"ancestorTitles":["SyncEngine — local-loopback"],"fullName":"SyncEngine — local-loopback propagates a local change from A to B","status":"passed","title":"propagates a local change from A to B","duration":94.5899,"failureMessages":[],"meta":{},"tags":[]},{"ancestorTitles":["SyncEngine — local-loopback"],"fullName":"SyncEngine — local-loopback does not re-apply own published events on the publishing device","status":"passed","title":"does not re-apply own published events on the publishing device","duration":34.128799999999956,"failureMessages":[],"meta":{},"tags":[]},{"ancestorTitles":["SyncEngine — local-loopback"],"fullName":"SyncEngine — local-loopback ignores duplicate event deliveries","status":"passed","title":"ignores duplicate event deliveries","duration":63.74370000000005,"failureMessages":[],"meta":{},"tags":[]},{"ancestorTitles":["SyncEngine — local-loopback"],"fullName":"SyncEngine — local-loopback produces events of the right kind and channel tag","status":"passed","title":"produces events of the right kind and channel tag","duration":32.86829999999998,"failureMessages":[],"meta":{},"tags":[]}],"startTime":1776452986258,"endTime":1776452986483.8684,"status":"passed","message":"","name":"C:/Users/karto/Desktop/StreamNotes/StreamNotes/src/__tests__/sync/syncEngine.test.ts"},{"assertionResults":[{"ancestorTitles":["AttachmentDisplay — loading state"],"fullName":"AttachmentDisplay — loading state shows filename with ellipsis while URL is resolving","status":"passed","title":"shows filename with ellipsis while URL is resolving","duration":28.865299999999934,"failureMessages":[],"meta":{},"tags":[]},{"ancestorTitles":["AttachmentDisplay — loading state"],"fullName":"AttachmentDisplay — loading state does not show download link yet","status":"passed","title":"does not show download link yet","duration":3.307199999999966,"failureMessages":[],"meta":{},"tags":[]},{"ancestorTitles":["AttachmentDisplay — error state"],"fullName":"AttachmentDisplay — error state shows error message with filename after rejection","status":"passed","title":"shows error message with filename after rejection","duration":8.99369999999999,"failureMessages":[],"meta":{},"tags":[]},{"ancestorTitles":["AttachmentDisplay — error state"],"fullName":"AttachmentDisplay — error state error state element has error styling indicator (⚠)","status":"passed","title":"error state element has error styling indicator (⚠)","duration":25.66430000000014,"failureMessages":[],"meta":{},"tags":[]},{"ancestorTitles":["AttachmentDisplay — image rendering"],"fullName":"AttachmentDisplay — image rendering renders an <img> element with the resolved URL","status":"passed","title":"renders an <img> element with the resolved URL","duration":29.9991,"failureMessages":[],"meta":{},"tags":[]},{"ancestorTitles":["AttachmentDisplay — image rendering"],"fullName":"AttachmentDisplay — image rendering uses the file name as alt text","status":"passed","title":"uses the file name as alt text","duration":11.545200000000023,"failureMessages":[],"meta":{},"tags":[]},{"ancestorTitles":["AttachmentDisplay — image rendering"],"fullName":"AttachmentDisplay — image rendering shows Lightbox when image is clicked","status":"failed","title":"shows Lightbox when image is clicked","duration":26.071699999999964,"failureMessages":["TestingLibraryElementError: Unable to find an element by: [data-testid=\"lightbox\"]\n\nIgnored nodes: comments, script, style\n\u001b[36m<body>\u001b[39m\n  \u001b[36m<div>\u001b[39m\n    \u001b[36m<div\u001b[39m\n      \u001b[33mclass\u001b[39m=\u001b[32m\"attachment-card\"\u001b[39m\n      \u001b[33mstyle\u001b[39m=\u001b[32m\"position: relative; display: block; margin: 0.8em 0px; border-radius: var(--radius-lg); transition: all 0.15s ease; border-width: var(--line); border-style: var(--line); border-color: var(--line);\"\u001b[39m\n    \u001b[36m>\u001b[39m\n      \u001b[36m<img\u001b[39m\n        \u001b[33malt\u001b[39m=\u001b[32m\"landscape.png\"\u001b[39m\n        \u001b[33mdraggable\u001b[39m=\u001b[32m\"false\"\u001b[39m\n        \u001b[33msrc\u001b[39m=\u001b[32m\"blob:mock/image.jpg\"\u001b[39m\n        \u001b[33mstyle\u001b[39m=\u001b[32m\"width: 100%; max-height: 400px; object-fit: contain; border-radius: var(--radius); display: block; cursor: zoom-in; background: var(--bg-aside); border: 1px solid; border-width: var(--line); border-style: var(--line); border-color: var(--line);\"\u001b[39m\n      \u001b[36m/>\u001b[39m\n      \u001b[36m<div\u001b[39m\n        \u001b[33mclass\u001b[39m=\u001b[32m\"attachment-actions\"\u001b[39m\n        \u001b[33mstyle\u001b[39m=\u001b[32m\"position: absolute; top: 8px; right: 8px; opacity: 0; transition: opacity 0.2s;\"\u001b[39m\n      \u001b[36m>\u001b[39m\n        \u001b[36m<a\u001b[39m\n          \u001b[33mdownload\u001b[39m=\u001b[32m\"landscape.png\"\u001b[39m\n          \u001b[33mhref\u001b[39m=\u001b[32m\"blob:mock/image.jpg\"\u001b[39m\n          \u001b[33mstyle\u001b[39m=\u001b[32m\"display: flex; align-items: center; justify-content: center; background: var(--bg-hover); color: var(--text-sub); width: 28px; height: 28px; border-radius: var(--radius); text-decoration: none; transition: all 0.1s;\"\u001b[39m\n          \u001b[33mtitle\u001b[39m=\u001b[32m\"Download\"\u001b[39m\n        \u001b[36m>\u001b[39m\n          \u001b[36m<svg\u001b[39m\n            \u001b[33mfill\u001b[39m=\u001b[32m\"none\"\u001b[39m\n            \u001b[33mheight\u001b[39m=\u001b[32m\"14\"\u001b[39m\n            \u001b[33mstroke\u001b[39m=\u001b[32m\"currentColor\"\u001b[39m\n            \u001b[33mstroke-linecap\u001b[39m=\u001b[32m\"round\"\u001b[39m\n            \u001b[33mstroke-linejoin\u001b[39m=\u001b[32m\"round\"\u001b[39m\n            \u001b[33mstroke-width\u001b[39m=\u001b[32m\"2.5\"\u001b[39m\n            \u001b[33mviewBox\u001b[39m=\u001b[32m\"0 0 24 24\"\u001b[39m\n            \u001b[33mwidth\u001b[39m=\u001b[32m\"14\"\u001b[39m\n          \u001b[36m>\u001b[39m\n            \u001b[36m<path\u001b[39m\n              \u001b[33md\u001b[39m=\u001b[32m\"M21 15v4a2 2 0 0 1-2 2H5a2 2 0 0 1-2-2v4\"\u001b[39m\n            \u001b[36m/>\u001b[39m\n            \u001b[36m<polyline\u001b[39m\n              \u001b[33mpoints\u001b[39m=\u001b[32m\"7 10 12 15 17 10\"\u001b[39m\n            \u001b[36m/>\u001b[39m\n            \u001b[36m<line\u001b[39m\n              \u001b[33mx1\u001b[39m=\u001b[32m\"12\"\u001b[39m\n              \u001b[33mx2\u001b[39m=\u001b[32m\"12\"\u001b[39m\n              \u001b[33my1\u001b[39m=\u001b[32m\"15\"\u001b[39m\n              \u001b[33my2\u001b[39m=\u001b[32m\"3\"\u001b[39m\n            \u001b[36m/>\u001b[39m\n          \u001b[36m</svg>\u001b[39m\n        \u001b[36m</a>\u001b[39m\n      \u001b[36m</div>\u001b[39m\n    \u001b[36m</div>\u001b[39m\n  \u001b[36m</div>\u001b[39m\n\u001b[36m</body>\u001b[39m\n    at Object.getElementError (C:\\Users\\karto\\Desktop\\StreamNotes\\StreamNotes\\node_modules\\@testing-library\\dom\\dist\\config.js:37:19)\n    at C:\\Users\\karto\\Desktop\\StreamNotes\\StreamNotes\\node_modules\\@testing-library\\dom\\dist\\query-helpers.js:76:38\n    at C:\\Users\\karto\\Desktop\\StreamNotes\\StreamNotes\\node_modules\\@testing-library\\dom\\dist\\query-helpers.js:52:17\n    at C:\\Users\\karto\\Desktop\\StreamNotes\\StreamNotes\\node_modules\\@testing-library\\dom\\dist\\query-helpers.js:95:19\n    at C:/Users/karto/Desktop/StreamNotes/StreamNotes/src/__tests__/ui/AttachmentDisplay.test.tsx:130:19\n    at file:///C:/Users/karto/Desktop/StreamNotes/StreamNotes/node_modules/@vitest/runner/dist/chunk-artifact.js:1893:20"],"meta":{},"tags":[]},{"ancestorTitles":["AttachmentDisplay — image rendering"],"fullName":"AttachmentDisplay — image rendering closes Lightbox when its close button is clicked","status":"failed","title":"closes Lightbox when its close button is clicked","duration":19.197599999999966,"failureMessages":["TestingLibraryElementError: Unable to find an element with the text: Close lightbox. This could be because the text is broken up by multiple elements. In this case, you can provide a function for your text matcher to make your matcher more flexible.\n\nIgnored nodes: comments, script, style\n\u001b[36m<body>\u001b[39m\n  \u001b[36m<div>\u001b[39m\n    \u001b[36m<div\u001b[39m\n      \u001b[33mclass\u001b[39m=\u001b[32m\"attachment-card\"\u001b[39m\n      \u001b[33mstyle\u001b[39m=\u001b[32m\"position: relative; display: block; margin: 0.8em 0px; border-radius: var(--radius-lg); transition: all 0.15s ease; border-width: var(--line); border-style: var(--line); border-color: var(--line);\"\u001b[39m\n    \u001b[36m>\u001b[39m\n      \u001b[36m<img\u001b[39m\n        \u001b[33malt\u001b[39m=\u001b[32m\"landscape.png\"\u001b[39m\n        \u001b[33mdraggable\u001b[39m=\u001b[32m\"false\"\u001b[39m\n        \u001b[33msrc\u001b[39m=\u001b[32m\"blob:mock/image.jpg\"\u001b[39m\n        \u001b[33mstyle\u001b[39m=\u001b[32m\"width: 100%; max-height: 400px; object-fit: contain; border-radius: var(--radius); display: block; cursor: zoom-in; background: var(--bg-aside); border: 1px solid; border-width: var(--line); border-style: var(--line); border-color: var(--line);\"\u001b[39m\n      \u001b[36m/>\u001b[39m\n      \u001b[36m<div\u001b[39m\n        \u001b[33mclass\u001b[39m=\u001b[32m\"attachment-actions\"\u001b[39m\n        \u001b[33mstyle\u001b[39m=\u001b[32m\"position: absolute; top: 8px; right: 8px; opacity: 0; transition: opacity 0.2s;\"\u001b[39m\n      \u001b[36m>\u001b[39m\n        \u001b[36m<a\u001b[39m\n          \u001b[33mdownload\u001b[39m=\u001b[32m\"landscape.png\"\u001b[39m\n          \u001b[33mhref\u001b[39m=\u001b[32m\"blob:mock/image.jpg\"\u001b[39m\n          \u001b[33mstyle\u001b[39m=\u001b[32m\"display: flex; align-items: center; justify-content: center; background: var(--bg-hover); color: var(--text-sub); width: 28px; height: 28px; border-radius: var(--radius); text-decoration: none; transition: all 0.1s;\"\u001b[39m\n          \u001b[33mtitle\u001b[39m=\u001b[32m\"Download\"\u001b[39m\n        \u001b[36m>\u001b[39m\n          \u001b[36m<svg\u001b[39m\n            \u001b[33mfill\u001b[39m=\u001b[32m\"none\"\u001b[39m\n            \u001b[33mheight\u001b[39m=\u001b[32m\"14\"\u001b[39m\n            \u001b[33mstroke\u001b[39m=\u001b[32m\"currentColor\"\u001b[39m\n            \u001b[33mstroke-linecap\u001b[39m=\u001b[32m\"round\"\u001b[39m\n            \u001b[33mstroke-linejoin\u001b[39m=\u001b[32m\"round\"\u001b[39m\n            \u001b[33mstroke-width\u001b[39m=\u001b[32m\"2.5\"\u001b[39m\n            \u001b[33mviewBox\u001b[39m=\u001b[32m\"0 0 24 24\"\u001b[39m\n            \u001b[33mwidth\u001b[39m=\u001b[32m\"14\"\u001b[39m\n          \u001b[36m>\u001b[39m\n            \u001b[36m<path\u001b[39m\n              \u001b[33md\u001b[39m=\u001b[32m\"M21 15v4a2 2 0 0 1-2 2H5a2 2 0 0 1-2-2v4\"\u001b[39m\n            \u001b[36m/>\u001b[39m\n            \u001b[36m<polyline\u001b[39m\n              \u001b[33mpoints\u001b[39m=\u001b[32m\"7 10 12 15 17 10\"\u001b[39m\n            \u001b[36m/>\u001b[39m\n            \u001b[36m<line\u001b[39m\n              \u001b[33mx1\u001b[39m=\u001b[32m\"12\"\u001b[39m\n              \u001b[33mx2\u001b[39m=\u001b[32m\"12\"\u001b[39m\n              \u001b[33my1\u001b[39m=\u001b[32m\"15\"\u001b[39m\n              \u001b[33my2\u001b[39m=\u001b[32m\"3\"\u001b[39m\n            \u001b[36m/>\u001b[39m\n          \u001b[36m</svg>\u001b[39m\n        \u001b[36m</a>\u001b[39m\n      \u001b[36m</div>\u001b[39m\n    \u001b[36m</div>\u001b[39m\n  \u001b[36m</div>\u001b[39m\n\u001b[36m</body>\u001b[39m\n    at Object.getElementError (C:\\Users\\karto\\Desktop\\StreamNotes\\StreamNotes\\node_modules\\@testing-library\\dom\\dist\\config.js:37:19)\n    at C:\\Users\\karto\\Desktop\\StreamNotes\\StreamNotes\\node_modules\\@testing-library\\dom\\dist\\query-helpers.js:76:38\n    at C:\\Users\\karto\\Desktop\\StreamNotes\\StreamNotes\\node_modules\\@testing-library\\dom\\dist\\query-helpers.js:52:17\n    at C:\\Users\\karto\\Desktop\\StreamNotes\\StreamNotes\\node_modules\\@testing-library\\dom\\dist\\query-helpers.js:95:19\n    at C:/Users/karto/Desktop/StreamNotes/StreamNotes/src/__tests__/ui/AttachmentDisplay.test.tsx:138:28\n    at file:///C:/Users/karto/Desktop/StreamNotes/StreamNotes/node_modules/@vitest/runner/dist/chunk-artifact.js:1893:20"],"meta":{},"tags":[]},{"ancestorTitles":["AttachmentDisplay — image rendering"],"fullName":"AttachmentDisplay — image rendering switches to error state when <img> fires onError","status":"passed","title":"switches to error state when <img> fires onError","duration":28.926799999999957,"failureMessages":[],"meta":{},"tags":[]},{"ancestorTitles":["AttachmentDisplay — video rendering"],"fullName":"AttachmentDisplay — video rendering renders a <video> element with the resolved src","status":"passed","title":"renders a <video> element with the resolved src","duration":9.334500000000162,"failureMessages":[],"meta":{},"tags":[]},{"ancestorTitles":["AttachmentDisplay — video rendering"],"fullName":"AttachmentDisplay — video rendering video element has controls attribute","status":"passed","title":"video element has controls attribute","duration":12.195400000000063,"failureMessages":[],"meta":{},"tags":[]},{"ancestorTitles":["AttachmentDisplay — generic file rendering"],"fullName":"AttachmentDisplay — generic file rendering displays the file name","status":"passed","title":"displays the file name","duration":11.946099999999888,"failureMessages":[],"meta":{},"tags":[]},{"ancestorTitles":["AttachmentDisplay — generic file rendering"],"fullName":"AttachmentDisplay — generic file rendering displays formatted file size","status":"passed","title":"displays formatted file size","duration":7.624699999999848,"failureMessages":[],"meta":{},"tags":[]},{"ancestorTitles":["AttachmentDisplay — generic file rendering"],"fullName":"AttachmentDisplay — generic file rendering displays file size in MB for large files","status":"passed","title":"displays file size in MB for large files","duration":9.39429999999993,"failureMessages":[],"meta":{},"tags":[]},{"ancestorTitles":["AttachmentDisplay — generic file rendering"],"fullName":"AttachmentDisplay — generic file rendering renders a download link with correct href and download attributes","status":"passed","title":"renders a download link with correct href and download attributes","duration":18.75870000000009,"failureMessages":[],"meta":{},"tags":[]},{"ancestorTitles":["AttachmentDisplay — edge cases"],"fullName":"AttachmentDisplay — edge cases handles empty file name without crashing","status":"passed","title":"handles empty file name without crashing","duration":5.82120000000009,"failureMessages":[],"meta":{},"tags":[]},{"ancestorTitles":["AttachmentDisplay — edge cases"],"fullName":"AttachmentDisplay — edge cases handles zero-byte file size","status":"passed","title":"handles zero-byte file size","duration":9.156500000000051,"failureMessages":[],"meta":{},"tags":[]},{"ancestorTitles":["AttachmentDisplay — edge cases"],"fullName":"AttachmentDisplay — edge cases renders extremely long file name (overflow handled by CSS)","status":"passed","title":"renders extremely long file name (overflow handled by CSS)","duration":16.02130000000011,"failureMessages":[],"meta":{},"tags":[]},{"ancestorTitles":["AttachmentDisplay — edge cases"],"fullName":"AttachmentDisplay — edge cases renders correctly inside a grid (inGrid=true removes margin)","status":"passed","title":"renders correctly inside a grid (inGrid=true removes margin)","duration":16.027000000000044,"failureMessages":[],"meta":{},"tags":[]},{"ancestorTitles":["AttachmentDisplay — accessibility"],"fullName":"AttachmentDisplay — accessibility download anchor has title \"Download\"","status":"passed","title":"download anchor has title \"Download\"","duration":15.339799999999968,"failureMessages":[],"meta":{},"tags":[]},{"ancestorTitles":["AttachmentDisplay — accessibility"],"fullName":"AttachmentDisplay — accessibility image has meaningful alt text from file name","status":"passed","title":"image has meaningful alt text from file name","duration":17.11979999999994,"failureMessages":[],"meta":{},"tags":[]}],"startTime":1776452984579,"endTime":1776452984911.1199,"status":"failed","message":"","name":"C:/Users/karto/Desktop/StreamNotes/StreamNotes/src/__tests__/ui/AttachmentDisplay.test.tsx"},{"assertionResults":[{"ancestorTitles":["Feed — empty state"],"fullName":"Feed — empty state shows empty-state message when there are no notes","status":"failed","title":"shows empty-state message when there are no notes","duration":31.105000000000018,"failureMessages":["TypeError: virtualizer.scrollToOffset is not a function\n    at C:/Users/karto/Desktop/StreamNotes/StreamNotes/src/components/Feed.tsx:461:17\n    at commitHookEffectListMount (C:\\Users\\karto\\Desktop\\StreamNotes\\StreamNotes\\node_modules\\react-dom\\cjs\\react-dom.development.js:23189:26)\n    at commitPassiveMountOnFiber (C:\\Users\\karto\\Desktop\\StreamNotes\\StreamNotes\\node_modules\\react-dom\\cjs\\react-dom.development.js:24970:11)\n    at commitPassiveMountEffects_complete (C:\\Users\\karto\\Desktop\\StreamNotes\\StreamNotes\\node_modules\\react-dom\\cjs\\react-dom.development.js:24930:9)\n    at commitPassiveMountEffects_begin (C:\\Users\\karto\\Desktop\\StreamNotes\\StreamNotes\\node_modules\\react-dom\\cjs\\react-dom.development.js:24917:7)\n    at commitPassiveMountEffects (C:\\Users\\karto\\Desktop\\StreamNotes\\StreamNotes\\node_modules\\react-dom\\cjs\\react-dom.development.js:24905:3)\n    at flushPassiveEffectsImpl (C:\\Users\\karto\\Desktop\\StreamNotes\\StreamNotes\\node_modules\\react-dom\\cjs\\react-dom.development.js:27078:3)\n    at flushPassiveEffects (C:\\Users\\karto\\Desktop\\StreamNotes\\StreamNotes\\node_modules\\react-dom\\cjs\\react-dom.development.js:27023:14)\n    at C:\\Users\\karto\\Desktop\\StreamNotes\\StreamNotes\\node_modules\\react-dom\\cjs\\react-dom.development.js:26808:9\n    at flushActQueue (C:\\Users\\karto\\Desktop\\StreamNotes\\StreamNotes\\node_modules\\react\\cjs\\react.development.js:2667:24)","Error: Should not already be working.\n    at performConcurrentWorkOnRoot (C:\\Users\\karto\\Desktop\\StreamNotes\\StreamNotes\\node_modules\\react-dom\\cjs\\react-dom.development.js:25742:11)\n    at flushActQueue (C:\\Users\\karto\\Desktop\\StreamNotes\\StreamNotes\\node_modules\\react\\cjs\\react.development.js:2667:24)\n    at act (C:\\Users\\karto\\Desktop\\StreamNotes\\StreamNotes\\node_modules\\react\\cjs\\react.development.js:2582:11)\n    at C:\\Users\\karto\\Desktop\\StreamNotes\\StreamNotes\\node_modules\\@testing-library\\react\\dist\\act-compat.js:46:25\n    at C:\\Users\\karto\\Desktop\\StreamNotes\\StreamNotes\\node_modules\\@testing-library\\react\\dist\\pure.js:306:28\n    at Array.forEach (<anonymous>)\n    at cleanup (C:\\Users\\karto\\Desktop\\StreamNotes\\StreamNotes\\node_modules\\@testing-library\\react\\dist\\pure.js:302:22)\n    at C:\\Users\\karto\\Desktop\\StreamNotes\\StreamNotes\\node_modules\\@testing-library\\react\\dist\\index.js:28:25\n    at file:///C:/Users/karto/Desktop/StreamNotes/StreamNotes/node_modules/@vitest/runner/dist/chunk-artifact.js:302:11\n    at wrapper (file:///C:/Users/karto/Desktop/StreamNotes/StreamNotes/node_modules/@vitest/runner/dist/chunk-artifact.js:740:10)"],"meta":{},"tags":[]},{"ancestorTitles":["Feed — empty state"],"fullName":"Feed — empty state does not render any NoteCard when notes is empty","status":"failed","title":"does not render any NoteCard when notes is empty","duration":1.6627999999998337,"failureMessages":["Error: Should not already be working.\n    at performConcurrentWorkOnRoot (C:\\Users\\karto\\Desktop\\StreamNotes\\StreamNotes\\node_modules\\react-dom\\cjs\\react-dom.development.js:25742:11)\n    at flushActQueue (C:\\Users\\karto\\Desktop\\StreamNotes\\StreamNotes\\node_modules\\react\\cjs\\react.development.js:2667:24)\n    at act (C:\\Users\\karto\\Desktop\\StreamNotes\\StreamNotes\\node_modules\\react\\cjs\\react.development.js:2582:11)\n    at C:\\Users\\karto\\Desktop\\StreamNotes\\StreamNotes\\node_modules\\@testing-library\\react\\dist\\act-compat.js:46:25\n    at renderRoot (C:\\Users\\karto\\Desktop\\StreamNotes\\StreamNotes\\node_modules\\@testing-library\\react\\dist\\pure.js:189:26)\n    at Proxy.render (C:\\Users\\karto\\Desktop\\StreamNotes\\StreamNotes\\node_modules\\@testing-library\\react\\dist\\pure.js:291:10)\n    at renderFeed (C:/Users/karto/Desktop/StreamNotes/StreamNotes/src/__tests__/ui/Feed.test.tsx:136:10)\n    at C:/Users/karto/Desktop/StreamNotes/StreamNotes/src/__tests__/ui/Feed.test.tsx:160:5\n    at file:///C:/Users/karto/Desktop/StreamNotes/StreamNotes/node_modules/@vitest/runner/dist/chunk-artifact.js:302:11\n    at file:///C:/Users/karto/Desktop/StreamNotes/StreamNotes/node_modules/@vitest/runner/dist/chunk-artifact.js:1893:26","Error: Should not already be working.\n    at performConcurrentWorkOnRoot (C:\\Users\\karto\\Desktop\\StreamNotes\\StreamNotes\\node_modules\\react-dom\\cjs\\react-dom.development.js:25742:11)\n    at flushActQueue (C:\\Users\\karto\\Desktop\\StreamNotes\\StreamNotes\\node_modules\\react\\cjs\\react.development.js:2667:24)\n    at act (C:\\Users\\karto\\Desktop\\StreamNotes\\StreamNotes\\node_modules\\react\\cjs\\react.development.js:2582:11)\n    at C:\\Users\\karto\\Desktop\\StreamNotes\\StreamNotes\\node_modules\\@testing-library\\react\\dist\\act-compat.js:46:25\n    at C:\\Users\\karto\\Desktop\\StreamNotes\\StreamNotes\\node_modules\\@testing-library\\react\\dist\\pure.js:306:28\n    at Array.forEach (<anonymous>)\n    at cleanup (C:\\Users\\karto\\Desktop\\StreamNotes\\StreamNotes\\node_modules\\@testing-library\\react\\dist\\pure.js:302:22)\n    at C:\\Users\\karto\\Desktop\\StreamNotes\\StreamNotes\\node_modules\\@testing-library\\react\\dist\\index.js:28:25\n    at file:///C:/Users/karto/Desktop/StreamNotes/StreamNotes/node_modules/@vitest/runner/dist/chunk-artifact.js:302:11\n    at wrapper (file:///C:/Users/karto/Desktop/StreamNotes/StreamNotes/node_modules/@vitest/runner/dist/chunk-artifact.js:740:10)"],"meta":{},"tags":[]},{"ancestorTitles":["Feed — note list rendering"],"fullName":"Feed — note list rendering renders one NoteCard per note","status":"failed","title":"renders one NoteCard per note","duration":1.1739000000000033,"failureMessages":["Error: Should not already be working.\n    at performConcurrentWorkOnRoot (C:\\Users\\karto\\Desktop\\StreamNotes\\StreamNotes\\node_modules\\react-dom\\cjs\\react-dom.development.js:25742:11)\n    at flushActQueue (C:\\Users\\karto\\Desktop\\StreamNotes\\StreamNotes\\node_modules\\react\\cjs\\react.development.js:2667:24)\n    at act (C:\\Users\\karto\\Desktop\\StreamNotes\\StreamNotes\\node_modules\\react\\cjs\\react.development.js:2582:11)\n    at C:\\Users\\karto\\Desktop\\StreamNotes\\StreamNotes\\node_modules\\@testing-library\\react\\dist\\act-compat.js:46:25\n    at renderRoot (C:\\Users\\karto\\Desktop\\StreamNotes\\StreamNotes\\node_modules\\@testing-library\\react\\dist\\pure.js:189:26)\n    at Proxy.render (C:\\Users\\karto\\Desktop\\StreamNotes\\StreamNotes\\node_modules\\@testing-library\\react\\dist\\pure.js:291:10)\n    at renderFeed (C:/Users/karto/Desktop/StreamNotes/StreamNotes/src/__tests__/ui/Feed.test.tsx:136:10)\n    at C:/Users/karto/Desktop/StreamNotes/StreamNotes/src/__tests__/ui/Feed.test.tsx:169:5\n    at file:///C:/Users/karto/Desktop/StreamNotes/StreamNotes/node_modules/@vitest/runner/dist/chunk-artifact.js:302:11\n    at file:///C:/Users/karto/Desktop/StreamNotes/StreamNotes/node_modules/@vitest/runner/dist/chunk-artifact.js:1893:26","Error: Should not already be working.\n    at performConcurrentWorkOnRoot (C:\\Users\\karto\\Desktop\\StreamNotes\\StreamNotes\\node_modules\\react-dom\\cjs\\react-dom.development.js:25742:11)\n    at flushActQueue (C:\\Users\\karto\\Desktop\\StreamNotes\\StreamNotes\\node_modules\\react\\cjs\\react.development.js:2667:24)\n    at act (C:\\Users\\karto\\Desktop\\StreamNotes\\StreamNotes\\node_modules\\react\\cjs\\react.development.js:2582:11)\n    at C:\\Users\\karto\\Desktop\\StreamNotes\\StreamNotes\\node_modules\\@testing-library\\react\\dist\\act-compat.js:46:25\n    at C:\\Users\\karto\\Desktop\\StreamNotes\\StreamNotes\\node_modules\\@testing-library\\react\\dist\\pure.js:306:28\n    at Array.forEach (<anonymous>)\n    at cleanup (C:\\Users\\karto\\Desktop\\StreamNotes\\StreamNotes\\node_modules\\@testing-library\\react\\dist\\pure.js:302:22)\n    at C:\\Users\\karto\\Desktop\\StreamNotes\\StreamNotes\\node_modules\\@testing-library\\react\\dist\\index.js:28:25\n    at file:///C:/Users/karto/Desktop/StreamNotes/StreamNotes/node_modules/@vitest/runner/dist/chunk-artifact.js:302:11\n    at wrapper (file:///C:/Users/karto/Desktop/StreamNotes/StreamNotes/node_modules/@vitest/runner/dist/chunk-artifact.js:740:10)"],"meta":{},"tags":[]},{"ancestorTitles":["Feed — note list rendering"],"fullName":"Feed — note list rendering renders NoteCards with correct note ids","status":"failed","title":"renders NoteCards with correct note ids","duration":1.0760999999999967,"failureMessages":["Error: Should not already be working.\n    at performConcurrentWorkOnRoot (C:\\Users\\karto\\Desktop\\StreamNotes\\StreamNotes\\node_modules\\react-dom\\cjs\\react-dom.development.js:25742:11)\n    at flushActQueue (C:\\Users\\karto\\Desktop\\StreamNotes\\StreamNotes\\node_modules\\react\\cjs\\react.development.js:2667:24)\n    at act (C:\\Users\\karto\\Desktop\\StreamNotes\\StreamNotes\\node_modules\\react\\cjs\\react.development.js:2582:11)\n    at C:\\Users\\karto\\Desktop\\StreamNotes\\StreamNotes\\node_modules\\@testing-library\\react\\dist\\act-compat.js:46:25\n    at renderRoot (C:\\Users\\karto\\Desktop\\StreamNotes\\StreamNotes\\node_modules\\@testing-library\\react\\dist\\pure.js:189:26)\n    at Proxy.render (C:\\Users\\karto\\Desktop\\StreamNotes\\StreamNotes\\node_modules\\@testing-library\\react\\dist\\pure.js:291:10)\n    at renderFeed (C:/Users/karto/Desktop/StreamNotes/StreamNotes/src/__tests__/ui/Feed.test.tsx:136:10)\n    at C:/Users/karto/Desktop/StreamNotes/StreamNotes/src/__tests__/ui/Feed.test.tsx:176:5\n    at file:///C:/Users/karto/Desktop/StreamNotes/StreamNotes/node_modules/@vitest/runner/dist/chunk-artifact.js:302:11\n    at file:///C:/Users/karto/Desktop/StreamNotes/StreamNotes/node_modules/@vitest/runner/dist/chunk-artifact.js:1893:26","Error: Should not already be working.\n    at performConcurrentWorkOnRoot (C:\\Users\\karto\\Desktop\\StreamNotes\\StreamNotes\\node_modules\\react-dom\\cjs\\react-dom.development.js:25742:11)\n    at flushActQueue (C:\\Users\\karto\\Desktop\\StreamNotes\\StreamNotes\\node_modules\\react\\cjs\\react.development.js:2667:24)\n    at act (C:\\Users\\karto\\Desktop\\StreamNotes\\StreamNotes\\node_modules\\react\\cjs\\react.development.js:2582:11)\n    at C:\\Users\\karto\\Desktop\\StreamNotes\\StreamNotes\\node_modules\\@testing-library\\react\\dist\\act-compat.js:46:25\n    at C:\\Users\\karto\\Desktop\\StreamNotes\\StreamNotes\\node_modules\\@testing-library\\react\\dist\\pure.js:306:28\n    at Array.forEach (<anonymous>)\n    at cleanup (C:\\Users\\karto\\Desktop\\StreamNotes\\StreamNotes\\node_modules\\@testing-library\\react\\dist\\pure.js:302:22)\n    at C:\\Users\\karto\\Desktop\\StreamNotes\\StreamNotes\\node_modules\\@testing-library\\react\\dist\\index.js:28:25\n    at file:///C:/Users/karto/Desktop/StreamNotes/StreamNotes/node_modules/@vitest/runner/dist/chunk-artifact.js:302:11\n    at wrapper (file:///C:/Users/karto/Desktop/StreamNotes/StreamNotes/node_modules/@vitest/runner/dist/chunk-artifact.js:740:10)"],"meta":{},"tags":[]},{"ancestorTitles":["Feed — note list rendering"],"fullName":"Feed — note list rendering shows collapse/expand toolbar button","status":"failed","title":"shows collapse/expand toolbar button","duration":1.1194000000000415,"failureMessages":["Error: Should not already be working.\n    at performConcurrentWorkOnRoot (C:\\Users\\karto\\Desktop\\StreamNotes\\StreamNotes\\node_modules\\react-dom\\cjs\\react-dom.development.js:25742:11)\n    at flushActQueue (C:\\Users\\karto\\Desktop\\StreamNotes\\StreamNotes\\node_modules\\react\\cjs\\react.development.js:2667:24)\n    at act (C:\\Users\\karto\\Desktop\\StreamNotes\\StreamNotes\\node_modules\\react\\cjs\\react.development.js:2582:11)\n    at C:\\Users\\karto\\Desktop\\StreamNotes\\StreamNotes\\node_modules\\@testing-library\\react\\dist\\act-compat.js:46:25\n    at renderRoot (C:\\Users\\karto\\Desktop\\StreamNotes\\StreamNotes\\node_modules\\@testing-library\\react\\dist\\pure.js:189:26)\n    at Proxy.render (C:\\Users\\karto\\Desktop\\StreamNotes\\StreamNotes\\node_modules\\@testing-library\\react\\dist\\pure.js:291:10)\n    at renderFeed (C:/Users/karto/Desktop/StreamNotes/StreamNotes/src/__tests__/ui/Feed.test.tsx:136:10)\n    at C:/Users/karto/Desktop/StreamNotes/StreamNotes/src/__tests__/ui/Feed.test.tsx:183:5\n    at file:///C:/Users/karto/Desktop/StreamNotes/StreamNotes/node_modules/@vitest/runner/dist/chunk-artifact.js:302:11\n    at file:///C:/Users/karto/Desktop/StreamNotes/StreamNotes/node_modules/@vitest/runner/dist/chunk-artifact.js:1893:26","Error: Should not already be working.\n    at performConcurrentWorkOnRoot (C:\\Users\\karto\\Desktop\\StreamNotes\\StreamNotes\\node_modules\\react-dom\\cjs\\react-dom.development.js:25742:11)\n    at flushActQueue (C:\\Users\\karto\\Desktop\\StreamNotes\\StreamNotes\\node_modules\\react\\cjs\\react.development.js:2667:24)\n    at act (C:\\Users\\karto\\Desktop\\StreamNotes\\StreamNotes\\node_modules\\react\\cjs\\react.development.js:2582:11)\n    at C:\\Users\\karto\\Desktop\\StreamNotes\\StreamNotes\\node_modules\\@testing-library\\react\\dist\\act-compat.js:46:25\n    at C:\\Users\\karto\\Desktop\\StreamNotes\\StreamNotes\\node_modules\\@testing-library\\react\\dist\\pure.js:306:28\n    at Array.forEach (<anonymous>)\n    at cleanup (C:\\Users\\karto\\Desktop\\StreamNotes\\StreamNotes\\node_modules\\@testing-library\\react\\dist\\pure.js:302:22)\n    at C:\\Users\\karto\\Desktop\\StreamNotes\\StreamNotes\\node_modules\\@testing-library\\react\\dist\\index.js:28:25\n    at file:///C:/Users/karto/Desktop/StreamNotes/StreamNotes/node_modules/@vitest/runner/dist/chunk-artifact.js:302:11\n    at wrapper (file:///C:/Users/karto/Desktop/StreamNotes/StreamNotes/node_modules/@vitest/runner/dist/chunk-artifact.js:740:10)"],"meta":{},"tags":[]},{"ancestorTitles":["Feed — search filtering"],"fullName":"Feed — search filtering shows \"Ничего не найдено\" when search matches nothing","status":"failed","title":"shows \"Ничего не найдено\" when search matches nothing","duration":1.1216000000001713,"failureMessages":["Error: Should not already be working.\n    at performConcurrentWorkOnRoot (C:\\Users\\karto\\Desktop\\StreamNotes\\StreamNotes\\node_modules\\react-dom\\cjs\\react-dom.development.js:25742:11)\n    at flushActQueue (C:\\Users\\karto\\Desktop\\StreamNotes\\StreamNotes\\node_modules\\react\\cjs\\react.development.js:2667:24)\n    at act (C:\\Users\\karto\\Desktop\\StreamNotes\\StreamNotes\\node_modules\\react\\cjs\\react.development.js:2582:11)\n    at C:\\Users\\karto\\Desktop\\StreamNotes\\StreamNotes\\node_modules\\@testing-library\\react\\dist\\act-compat.js:46:25\n    at renderRoot (C:\\Users\\karto\\Desktop\\StreamNotes\\StreamNotes\\node_modules\\@testing-library\\react\\dist\\pure.js:189:26)\n    at Proxy.render (C:\\Users\\karto\\Desktop\\StreamNotes\\StreamNotes\\node_modules\\@testing-library\\react\\dist\\pure.js:291:10)\n    at renderFeed (C:/Users/karto/Desktop/StreamNotes/StreamNotes/src/__tests__/ui/Feed.test.tsx:136:10)\n    at C:/Users/karto/Desktop/StreamNotes/StreamNotes/src/__tests__/ui/Feed.test.tsx:192:5\n    at file:///C:/Users/karto/Desktop/StreamNotes/StreamNotes/node_modules/@vitest/runner/dist/chunk-artifact.js:302:11\n    at file:///C:/Users/karto/Desktop/StreamNotes/StreamNotes/node_modules/@vitest/runner/dist/chunk-artifact.js:1893:26","Error: Should not already be working.\n    at performConcurrentWorkOnRoot (C:\\Users\\karto\\Desktop\\StreamNotes\\StreamNotes\\node_modules\\react-dom\\cjs\\react-dom.development.js:25742:11)\n    at flushActQueue (C:\\Users\\karto\\Desktop\\StreamNotes\\StreamNotes\\node_modules\\react\\cjs\\react.development.js:2667:24)\n    at act (C:\\Users\\karto\\Desktop\\StreamNotes\\StreamNotes\\node_modules\\react\\cjs\\react.development.js:2582:11)\n    at C:\\Users\\karto\\Desktop\\StreamNotes\\StreamNotes\\node_modules\\@testing-library\\react\\dist\\act-compat.js:46:25\n    at C:\\Users\\karto\\Desktop\\StreamNotes\\StreamNotes\\node_modules\\@testing-library\\react\\dist\\pure.js:306:28\n    at Array.forEach (<anonymous>)\n    at cleanup (C:\\Users\\karto\\Desktop\\StreamNotes\\StreamNotes\\node_modules\\@testing-library\\react\\dist\\pure.js:302:22)\n    at C:\\Users\\karto\\Desktop\\StreamNotes\\StreamNotes\\node_modules\\@testing-library\\react\\dist\\index.js:28:25\n    at file:///C:/Users/karto/Desktop/StreamNotes/StreamNotes/node_modules/@vitest/runner/dist/chunk-artifact.js:302:11\n    at wrapper (file:///C:/Users/karto/Desktop/StreamNotes/StreamNotes/node_modules/@vitest/runner/dist/chunk-artifact.js:740:10)"],"meta":{},"tags":[]},{"ancestorTitles":["Feed — search filtering"],"fullName":"Feed — search filtering shows matching note when search query matches content","status":"failed","title":"shows matching note when search query matches content","duration":1.3901999999998225,"failureMessages":["Error: Should not already be working.\n    at performConcurrentWorkOnRoot (C:\\Users\\karto\\Desktop\\StreamNotes\\StreamNotes\\node_modules\\react-dom\\cjs\\react-dom.development.js:25742:11)\n    at flushActQueue (C:\\Users\\karto\\Desktop\\StreamNotes\\StreamNotes\\node_modules\\react\\cjs\\react.development.js:2667:24)\n    at act (C:\\Users\\karto\\Desktop\\StreamNotes\\StreamNotes\\node_modules\\react\\cjs\\react.development.js:2582:11)\n    at C:\\Users\\karto\\Desktop\\StreamNotes\\StreamNotes\\node_modules\\@testing-library\\react\\dist\\act-compat.js:46:25\n    at renderRoot (C:\\Users\\karto\\Desktop\\StreamNotes\\StreamNotes\\node_modules\\@testing-library\\react\\dist\\pure.js:189:26)\n    at Proxy.render (C:\\Users\\karto\\Desktop\\StreamNotes\\StreamNotes\\node_modules\\@testing-library\\react\\dist\\pure.js:291:10)\n    at renderFeed (C:/Users/karto/Desktop/StreamNotes/StreamNotes/src/__tests__/ui/Feed.test.tsx:136:10)\n    at C:/Users/karto/Desktop/StreamNotes/StreamNotes/src/__tests__/ui/Feed.test.tsx:203:5\n    at file:///C:/Users/karto/Desktop/StreamNotes/StreamNotes/node_modules/@vitest/runner/dist/chunk-artifact.js:302:11\n    at file:///C:/Users/karto/Desktop/StreamNotes/StreamNotes/node_modules/@vitest/runner/dist/chunk-artifact.js:1893:26","Error: Should not already be working.\n    at performConcurrentWorkOnRoot (C:\\Users\\karto\\Desktop\\StreamNotes\\StreamNotes\\node_modules\\react-dom\\cjs\\react-dom.development.js:25742:11)\n    at flushActQueue (C:\\Users\\karto\\Desktop\\StreamNotes\\StreamNotes\\node_modules\\react\\cjs\\react.development.js:2667:24)\n    at act (C:\\Users\\karto\\Desktop\\StreamNotes\\StreamNotes\\node_modules\\react\\cjs\\react.development.js:2582:11)\n    at C:\\Users\\karto\\Desktop\\StreamNotes\\StreamNotes\\node_modules\\@testing-library\\react\\dist\\act-compat.js:46:25\n    at C:\\Users\\karto\\Desktop\\StreamNotes\\StreamNotes\\node_modules\\@testing-library\\react\\dist\\pure.js:306:28\n    at Array.forEach (<anonymous>)\n    at cleanup (C:\\Users\\karto\\Desktop\\StreamNotes\\StreamNotes\\node_modules\\@testing-library\\react\\dist\\pure.js:302:22)\n    at C:\\Users\\karto\\Desktop\\StreamNotes\\StreamNotes\\node_modules\\@testing-library\\react\\dist\\index.js:28:25\n    at file:///C:/Users/karto/Desktop/StreamNotes/StreamNotes/node_modules/@vitest/runner/dist/chunk-artifact.js:302:11\n    at wrapper (file:///C:/Users/karto/Desktop/StreamNotes/StreamNotes/node_modules/@vitest/runner/dist/chunk-artifact.js:740:10)"],"meta":{},"tags":[]},{"ancestorTitles":["Feed — search filtering"],"fullName":"Feed — search filtering is case-insensitive","status":"failed","title":"is case-insensitive","duration":0.9253999999998541,"failureMessages":["Error: Should not already be working.\n    at performConcurrentWorkOnRoot (C:\\Users\\karto\\Desktop\\StreamNotes\\StreamNotes\\node_modules\\react-dom\\cjs\\react-dom.development.js:25742:11)\n    at flushActQueue (C:\\Users\\karto\\Desktop\\StreamNotes\\StreamNotes\\node_modules\\react\\cjs\\react.development.js:2667:24)\n    at act (C:\\Users\\karto\\Desktop\\StreamNotes\\StreamNotes\\node_modules\\react\\cjs\\react.development.js:2582:11)\n    at C:\\Users\\karto\\Desktop\\StreamNotes\\StreamNotes\\node_modules\\@testing-library\\react\\dist\\act-compat.js:46:25\n    at renderRoot (C:\\Users\\karto\\Desktop\\StreamNotes\\StreamNotes\\node_modules\\@testing-library\\react\\dist\\pure.js:189:26)\n    at Proxy.render (C:\\Users\\karto\\Desktop\\StreamNotes\\StreamNotes\\node_modules\\@testing-library\\react\\dist\\pure.js:291:10)\n    at renderFeed (C:/Users/karto/Desktop/StreamNotes/StreamNotes/src/__tests__/ui/Feed.test.tsx:136:10)\n    at C:/Users/karto/Desktop/StreamNotes/StreamNotes/src/__tests__/ui/Feed.test.tsx:212:5\n    at file:///C:/Users/karto/Desktop/StreamNotes/StreamNotes/node_modules/@vitest/runner/dist/chunk-artifact.js:302:11\n    at file:///C:/Users/karto/Desktop/StreamNotes/StreamNotes/node_modules/@vitest/runner/dist/chunk-artifact.js:1893:26","Error: Should not already be working.\n    at performConcurrentWorkOnRoot (C:\\Users\\karto\\Desktop\\StreamNotes\\StreamNotes\\node_modules\\react-dom\\cjs\\react-dom.development.js:25742:11)\n    at flushActQueue (C:\\Users\\karto\\Desktop\\StreamNotes\\StreamNotes\\node_modules\\react\\cjs\\react.development.js:2667:24)\n    at act (C:\\Users\\karto\\Desktop\\StreamNotes\\StreamNotes\\node_modules\\react\\cjs\\react.development.js:2582:11)\n    at C:\\Users\\karto\\Desktop\\StreamNotes\\StreamNotes\\node_modules\\@testing-library\\react\\dist\\act-compat.js:46:25\n    at C:\\Users\\karto\\Desktop\\StreamNotes\\StreamNotes\\node_modules\\@testing-library\\react\\dist\\pure.js:306:28\n    at Array.forEach (<anonymous>)\n    at cleanup (C:\\Users\\karto\\Desktop\\StreamNotes\\StreamNotes\\node_modules\\@testing-library\\react\\dist\\pure.js:302:22)\n    at C:\\Users\\karto\\Desktop\\StreamNotes\\StreamNotes\\node_modules\\@testing-library\\react\\dist\\index.js:28:25\n    at file:///C:/Users/karto/Desktop/StreamNotes/StreamNotes/node_modules/@vitest/runner/dist/chunk-artifact.js:302:11\n    at wrapper (file:///C:/Users/karto/Desktop/StreamNotes/StreamNotes/node_modules/@vitest/runner/dist/chunk-artifact.js:740:10)"],"meta":{},"tags":[]},{"ancestorTitles":["Feed — search filtering"],"fullName":"Feed — search filtering shows all notes when search query is empty","status":"failed","title":"shows all notes when search query is empty","duration":0.9239000000000033,"failureMessages":["Error: Should not already be working.\n    at performConcurrentWorkOnRoot (C:\\Users\\karto\\Desktop\\StreamNotes\\StreamNotes\\node_modules\\react-dom\\cjs\\react-dom.development.js:25742:11)\n    at flushActQueue (C:\\Users\\karto\\Desktop\\StreamNotes\\StreamNotes\\node_modules\\react\\cjs\\react.development.js:2667:24)\n    at act (C:\\Users\\karto\\Desktop\\StreamNotes\\StreamNotes\\node_modules\\react\\cjs\\react.development.js:2582:11)\n    at C:\\Users\\karto\\Desktop\\StreamNotes\\StreamNotes\\node_modules\\@testing-library\\react\\dist\\act-compat.js:46:25\n    at renderRoot (C:\\Users\\karto\\Desktop\\StreamNotes\\StreamNotes\\node_modules\\@testing-library\\react\\dist\\pure.js:189:26)\n    at Proxy.render (C:\\Users\\karto\\Desktop\\StreamNotes\\StreamNotes\\node_modules\\@testing-library\\react\\dist\\pure.js:291:10)\n    at renderFeed (C:/Users/karto/Desktop/StreamNotes/StreamNotes/src/__tests__/ui/Feed.test.tsx:136:10)\n    at C:/Users/karto/Desktop/StreamNotes/StreamNotes/src/__tests__/ui/Feed.test.tsx:219:5\n    at file:///C:/Users/karto/Desktop/StreamNotes/StreamNotes/node_modules/@vitest/runner/dist/chunk-artifact.js:302:11\n    at file:///C:/Users/karto/Desktop/StreamNotes/StreamNotes/node_modules/@vitest/runner/dist/chunk-artifact.js:1893:26","Error: Should not already be working.\n    at performConcurrentWorkOnRoot (C:\\Users\\karto\\Desktop\\StreamNotes\\StreamNotes\\node_modules\\react-dom\\cjs\\react-dom.development.js:25742:11)\n    at flushActQueue (C:\\Users\\karto\\Desktop\\StreamNotes\\StreamNotes\\node_modules\\react\\cjs\\react.development.js:2667:24)\n    at act (C:\\Users\\karto\\Desktop\\StreamNotes\\StreamNotes\\node_modules\\react\\cjs\\react.development.js:2582:11)\n    at C:\\Users\\karto\\Desktop\\StreamNotes\\StreamNotes\\node_modules\\@testing-library\\react\\dist\\act-compat.js:46:25\n    at C:\\Users\\karto\\Desktop\\StreamNotes\\StreamNotes\\node_modules\\@testing-library\\react\\dist\\pure.js:306:28\n    at Array.forEach (<anonymous>)\n    at cleanup (C:\\Users\\karto\\Desktop\\StreamNotes\\StreamNotes\\node_modules\\@testing-library\\react\\dist\\pure.js:302:22)\n    at C:\\Users\\karto\\Desktop\\StreamNotes\\StreamNotes\\node_modules\\@testing-library\\react\\dist\\index.js:28:25\n    at file:///C:/Users/karto/Desktop/StreamNotes/StreamNotes/node_modules/@vitest/runner/dist/chunk-artifact.js:302:11\n    at wrapper (file:///C:/Users/karto/Desktop/StreamNotes/StreamNotes/node_modules/@vitest/runner/dist/chunk-artifact.js:740:10)"],"meta":{},"tags":[]},{"ancestorTitles":["Feed — tag filtering"],"fullName":"Feed — tag filtering shows only notes that contain the selected tag","status":"failed","title":"shows only notes that contain the selected tag","duration":1.259900000000016,"failureMessages":["Error: Should not already be working.\n    at performConcurrentWorkOnRoot (C:\\Users\\karto\\Desktop\\StreamNotes\\StreamNotes\\node_modules\\react-dom\\cjs\\react-dom.development.js:25742:11)\n    at flushActQueue (C:\\Users\\karto\\Desktop\\StreamNotes\\StreamNotes\\node_modules\\react\\cjs\\react.development.js:2667:24)\n    at act (C:\\Users\\karto\\Desktop\\StreamNotes\\StreamNotes\\node_modules\\react\\cjs\\react.development.js:2582:11)\n    at C:\\Users\\karto\\Desktop\\StreamNotes\\StreamNotes\\node_modules\\@testing-library\\react\\dist\\act-compat.js:46:25\n    at renderRoot (C:\\Users\\karto\\Desktop\\StreamNotes\\StreamNotes\\node_modules\\@testing-library\\react\\dist\\pure.js:189:26)\n    at Proxy.render (C:\\Users\\karto\\Desktop\\StreamNotes\\StreamNotes\\node_modules\\@testing-library\\react\\dist\\pure.js:291:10)\n    at renderFeed (C:/Users/karto/Desktop/StreamNotes/StreamNotes/src/__tests__/ui/Feed.test.tsx:136:10)\n    at C:/Users/karto/Desktop/StreamNotes/StreamNotes/src/__tests__/ui/Feed.test.tsx:231:5\n    at file:///C:/Users/karto/Desktop/StreamNotes/StreamNotes/node_modules/@vitest/runner/dist/chunk-artifact.js:302:11\n    at file:///C:/Users/karto/Desktop/StreamNotes/StreamNotes/node_modules/@vitest/runner/dist/chunk-artifact.js:1893:26","Error: Should not already be working.\n    at performConcurrentWorkOnRoot (C:\\Users\\karto\\Desktop\\StreamNotes\\StreamNotes\\node_modules\\react-dom\\cjs\\react-dom.development.js:25742:11)\n    at flushActQueue (C:\\Users\\karto\\Desktop\\StreamNotes\\StreamNotes\\node_modules\\react\\cjs\\react.development.js:2667:24)\n    at act (C:\\Users\\karto\\Desktop\\StreamNotes\\StreamNotes\\node_modules\\react\\cjs\\react.development.js:2582:11)\n    at C:\\Users\\karto\\Desktop\\StreamNotes\\StreamNotes\\node_modules\\@testing-library\\react\\dist\\act-compat.js:46:25\n    at C:\\Users\\karto\\Desktop\\StreamNotes\\StreamNotes\\node_modules\\@testing-library\\react\\dist\\pure.js:306:28\n    at Array.forEach (<anonymous>)\n    at cleanup (C:\\Users\\karto\\Desktop\\StreamNotes\\StreamNotes\\node_modules\\@testing-library\\react\\dist\\pure.js:302:22)\n    at C:\\Users\\karto\\Desktop\\StreamNotes\\StreamNotes\\node_modules\\@testing-library\\react\\dist\\index.js:28:25\n    at file:///C:/Users/karto/Desktop/StreamNotes/StreamNotes/node_modules/@vitest/runner/dist/chunk-artifact.js:302:11\n    at wrapper (file:///C:/Users/karto/Desktop/StreamNotes/StreamNotes/node_modules/@vitest/runner/dist/chunk-artifact.js:740:10)"],"meta":{},"tags":[]},{"ancestorTitles":["Feed — tag filtering"],"fullName":"Feed — tag filtering shows \"Ничего не найдено\" when no notes match the tag","status":"failed","title":"shows \"Ничего не найдено\" when no notes match the tag","duration":0.8020000000001346,"failureMessages":["Error: Should not already be working.\n    at performConcurrentWorkOnRoot (C:\\Users\\karto\\Desktop\\StreamNotes\\StreamNotes\\node_modules\\react-dom\\cjs\\react-dom.development.js:25742:11)\n    at flushActQueue (C:\\Users\\karto\\Desktop\\StreamNotes\\StreamNotes\\node_modules\\react\\cjs\\react.development.js:2667:24)\n    at act (C:\\Users\\karto\\Desktop\\StreamNotes\\StreamNotes\\node_modules\\react\\cjs\\react.development.js:2582:11)\n    at C:\\Users\\karto\\Desktop\\StreamNotes\\StreamNotes\\node_modules\\@testing-library\\react\\dist\\act-compat.js:46:25\n    at renderRoot (C:\\Users\\karto\\Desktop\\StreamNotes\\StreamNotes\\node_modules\\@testing-library\\react\\dist\\pure.js:189:26)\n    at Proxy.render (C:\\Users\\karto\\Desktop\\StreamNotes\\StreamNotes\\node_modules\\@testing-library\\react\\dist\\pure.js:291:10)\n    at renderFeed (C:/Users/karto/Desktop/StreamNotes/StreamNotes/src/__tests__/ui/Feed.test.tsx:136:10)\n    at C:/Users/karto/Desktop/StreamNotes/StreamNotes/src/__tests__/ui/Feed.test.tsx:240:5\n    at file:///C:/Users/karto/Desktop/StreamNotes/StreamNotes/node_modules/@vitest/runner/dist/chunk-artifact.js:302:11\n    at file:///C:/Users/karto/Desktop/StreamNotes/StreamNotes/node_modules/@vitest/runner/dist/chunk-artifact.js:1893:26","Error: Should not already be working.\n    at performConcurrentWorkOnRoot (C:\\Users\\karto\\Desktop\\StreamNotes\\StreamNotes\\node_modules\\react-dom\\cjs\\react-dom.development.js:25742:11)\n    at flushActQueue (C:\\Users\\karto\\Desktop\\StreamNotes\\StreamNotes\\node_modules\\react\\cjs\\react.development.js:2667:24)\n    at act (C:\\Users\\karto\\Desktop\\StreamNotes\\StreamNotes\\node_modules\\react\\cjs\\react.development.js:2582:11)\n    at C:\\Users\\karto\\Desktop\\StreamNotes\\StreamNotes\\node_modules\\@testing-library\\react\\dist\\act-compat.js:46:25\n    at C:\\Users\\karto\\Desktop\\StreamNotes\\StreamNotes\\node_modules\\@testing-library\\react\\dist\\pure.js:306:28\n    at Array.forEach (<anonymous>)\n    at cleanup (C:\\Users\\karto\\Desktop\\StreamNotes\\StreamNotes\\node_modules\\@testing-library\\react\\dist\\pure.js:302:22)\n    at C:\\Users\\karto\\Desktop\\StreamNotes\\StreamNotes\\node_modules\\@testing-library\\react\\dist\\index.js:28:25\n    at file:///C:/Users/karto/Desktop/StreamNotes/StreamNotes/node_modules/@vitest/runner/dist/chunk-artifact.js:302:11\n    at wrapper (file:///C:/Users/karto/Desktop/StreamNotes/StreamNotes/node_modules/@vitest/runner/dist/chunk-artifact.js:740:10)"],"meta":{},"tags":[]},{"ancestorTitles":["Feed — date filtering"],"fullName":"Feed — date filtering shows only notes from the selected date","status":"failed","title":"shows only notes from the selected date","duration":0.8151000000000295,"failureMessages":["Error: Should not already be working.\n    at performConcurrentWorkOnRoot (C:\\Users\\karto\\Desktop\\StreamNotes\\StreamNotes\\node_modules\\react-dom\\cjs\\react-dom.development.js:25742:11)\n    at flushActQueue (C:\\Users\\karto\\Desktop\\StreamNotes\\StreamNotes\\node_modules\\react\\cjs\\react.development.js:2667:24)\n    at act (C:\\Users\\karto\\Desktop\\StreamNotes\\StreamNotes\\node_modules\\react\\cjs\\react.development.js:2582:11)\n    at C:\\Users\\karto\\Desktop\\StreamNotes\\StreamNotes\\node_modules\\@testing-library\\react\\dist\\act-compat.js:46:25\n    at renderRoot (C:\\Users\\karto\\Desktop\\StreamNotes\\StreamNotes\\node_modules\\@testing
[...]
sting-library\\react\\dist\\pure.js:302:22)\n    at C:\\Users\\karto\\Desktop\\StreamNotes\\StreamNotes\\node_modules\\@testing-library\\react\\dist\\index.js:28:25\n    at file:///C:/Users/karto/Desktop/StreamNotes/StreamNotes/node_modules/@vitest/runner/dist/chunk-artifact.js:302:11\n    at wrapper (file:///C:/Users/karto/Desktop/StreamNotes/StreamNotes/node_modules/@vitest/runner/dist/chunk-artifact.js:740:10)"],"meta":{},"tags":[]},{"ancestorTitles":["Feed — context menu"],"fullName":"Feed — context menu calls db.exec to soft-delete when confirm is clicked","status":"failed","title":"calls db.exec to soft-delete when confirm is clicked","duration":0.7208000000000538,"failureMessages":["Error: Should not already be working.\n    at performConcurrentWorkOnRoot (C:\\Users\\karto\\Desktop\\StreamNotes\\StreamNotes\\node_modules\\react-dom\\cjs\\react-dom.development.js:25742:11)\n    at flushActQueue (C:\\Users\\karto\\Desktop\\StreamNotes\\StreamNotes\\node_modules\\react\\cjs\\react.development.js:2667:24)\n    at act (C:\\Users\\karto\\Desktop\\StreamNotes\\StreamNotes\\node_modules\\react\\cjs\\react.development.js:2582:11)\n    at C:\\Users\\karto\\Desktop\\StreamNotes\\StreamNotes\\node_modules\\@testing-library\\react\\dist\\act-compat.js:46:25\n    at renderRoot (C:\\Users\\karto\\Desktop\\StreamNotes\\StreamNotes\\node_modules\\@testing-library\\react\\dist\\pure.js:189:26)\n    at Proxy.render (C:\\Users\\karto\\Desktop\\StreamNotes\\StreamNotes\\node_modules\\@testing-library\\react\\dist\\pure.js:291:10)\n    at renderFeed (C:/Users/karto/Desktop/StreamNotes/StreamNotes/src/__tests__/ui/Feed.test.tsx:136:10)\n    at C:/Users/karto/Desktop/StreamNotes/StreamNotes/src/__tests__/ui/Feed.test.tsx:325:5\n    at file:///C:/Users/karto/Desktop/StreamNotes/StreamNotes/node_modules/@vitest/runner/dist/chunk-artifact.js:302:11\n    at file:///C:/Users/karto/Desktop/StreamNotes/StreamNotes/node_modules/@vitest/runner/dist/chunk-artifact.js:1893:26","Error: Should not already be working.\n    at performConcurrentWorkOnRoot (C:\\Users\\karto\\Desktop\\StreamNotes\\StreamNotes\\node_modules\\react-dom\\cjs\\react-dom.development.js:25742:11)\n    at flushActQueue (C:\\Users\\karto\\Desktop\\StreamNotes\\StreamNotes\\node_modules\\react\\cjs\\react.development.js:2667:24)\n    at act (C:\\Users\\karto\\Desktop\\StreamNotes\\StreamNotes\\node_modules\\react\\cjs\\react.development.js:2582:11)\n    at C:\\Users\\karto\\Desktop\\StreamNotes\\StreamNotes\\node_modules\\@testing-library\\react\\dist\\act-compat.js:46:25\n    at C:\\Users\\karto\\Desktop\\StreamNotes\\StreamNotes\\node_modules\\@testing-library\\react\\dist\\pure.js:306:28\n    at Array.forEach (<anonymous>)\n    at cleanup (C:\\Users\\karto\\Desktop\\StreamNotes\\StreamNotes\\node_modules\\@testing-library\\react\\dist\\pure.js:302:22)\n    at C:\\Users\\karto\\Desktop\\StreamNotes\\StreamNotes\\node_modules\\@testing-library\\react\\dist\\index.js:28:25\n    at file:///C:/Users/karto/Desktop/StreamNotes/StreamNotes/node_modules/@vitest/runner/dist/chunk-artifact.js:302:11\n    at wrapper (file:///C:/Users/karto/Desktop/StreamNotes/StreamNotes/node_modules/@vitest/runner/dist/chunk-artifact.js:740:10)"],"meta":{},"tags":[]},{"ancestorTitles":["Feed — collapse / expand all"],"fullName":"Feed — collapse / expand all toggles \"Свернуть всё\" → \"Развернуть всё\" after click","status":"failed","title":"toggles \"Свернуть всё\" → \"Развернуть всё\" after click","duration":0.6585999999999785,"failureMessages":["Error: Should not already be working.\n    at performConcurrentWorkOnRoot (C:\\Users\\karto\\Desktop\\StreamNotes\\StreamNotes\\node_modules\\react-dom\\cjs\\react-dom.development.js:25742:11)\n    at flushActQueue (C:\\Users\\karto\\Desktop\\StreamNotes\\StreamNotes\\node_modules\\react\\cjs\\react.development.js:2667:24)\n    at act (C:\\Users\\karto\\Desktop\\StreamNotes\\StreamNotes\\node_modules\\react\\cjs\\react.development.js:2582:11)\n    at C:\\Users\\karto\\Desktop\\StreamNotes\\StreamNotes\\node_modules\\@testing-library\\react\\dist\\act-compat.js:46:25\n    at renderRoot (C:\\Users\\karto\\Desktop\\StreamNotes\\StreamNotes\\node_modules\\@testing-library\\react\\dist\\pure.js:189:26)\n    at Proxy.render (C:\\Users\\karto\\Desktop\\StreamNotes\\StreamNotes\\node_modules\\@testing-library\\react\\dist\\pure.js:291:10)\n    at renderFeed (C:/Users/karto/Desktop/StreamNotes/StreamNotes/src/__tests__/ui/Feed.test.tsx:136:10)\n    at C:/Users/karto/Desktop/StreamNotes/StreamNotes/src/__tests__/ui/Feed.test.tsx:348:5\n    at file:///C:/Users/karto/Desktop/StreamNotes/StreamNotes/node_modules/@vitest/runner/dist/chunk-artifact.js:302:11\n    at file:///C:/Users/karto/Desktop/StreamNotes/StreamNotes/node_modules/@vitest/runner/dist/chunk-artifact.js:1893:26","Error: Should not already be working.\n    at performConcurrentWorkOnRoot (C:\\Users\\karto\\Desktop\\StreamNotes\\StreamNotes\\node_modules\\react-dom\\cjs\\react-dom.development.js:25742:11)\n    at flushActQueue (C:\\Users\\karto\\Desktop\\StreamNotes\\StreamNotes\\node_modules\\react\\cjs\\react.development.js:2667:24)\n    at act (C:\\Users\\karto\\Desktop\\StreamNotes\\StreamNotes\\node_modules\\react\\cjs\\react.development.js:2582:11)\n    at C:\\Users\\karto\\Desktop\\StreamNotes\\StreamNotes\\node_modules\\@testing-library\\react\\dist\\act-compat.js:46:25\n    at C:\\Users\\karto\\Desktop\\StreamNotes\\StreamNotes\\node_modules\\@testing-library\\react\\dist\\pure.js:306:28\n    at Array.forEach (<anonymous>)\n    at cleanup (C:\\Users\\karto\\Desktop\\StreamNotes\\StreamNotes\\node_modules\\@testing-library\\react\\dist\\pure.js:302:22)\n    at C:\\Users\\karto\\Desktop\\StreamNotes\\StreamNotes\\node_modules\\@testing-library\\react\\dist\\index.js:28:25\n    at file:///C:/Users/karto/Desktop/StreamNotes/StreamNotes/node_modules/@vitest/runner/dist/chunk-artifact.js:302:11\n    at wrapper (file:///C:/Users/karto/Desktop/StreamNotes/StreamNotes/node_modules/@vitest/runner/dist/chunk-artifact.js:740:10)"],"meta":{},"tags":[]},{"ancestorTitles":["Feed — collapse / expand all"],"fullName":"Feed — collapse / expand all restores \"Свернуть всё\" on second click","status":"failed","title":"restores \"Свернуть всё\" on second click","duration":0.6846000000000458,"failureMessages":["Error: Should not already be working.\n    at performConcurrentWorkOnRoot (C:\\Users\\karto\\Desktop\\StreamNotes\\StreamNotes\\node_modules\\react-dom\\cjs\\react-dom.development.js:25742:11)\n    at flushActQueue (C:\\Users\\karto\\Desktop\\StreamNotes\\StreamNotes\\node_modules\\react\\cjs\\react.development.js:2667:24)\n    at act (C:\\Users\\karto\\Desktop\\StreamNotes\\StreamNotes\\node_modules\\react\\cjs\\react.development.js:2582:11)\n    at C:\\Users\\karto\\Desktop\\StreamNotes\\StreamNotes\\node_modules\\@testing-library\\react\\dist\\act-compat.js:46:25\n    at renderRoot (C:\\Users\\karto\\Desktop\\StreamNotes\\StreamNotes\\node_modules\\@testing-library\\react\\dist\\pure.js:189:26)\n    at Proxy.render (C:\\Users\\karto\\Desktop\\StreamNotes\\StreamNotes\\node_modules\\@testing-library\\react\\dist\\pure.js:291:10)\n    at renderFeed (C:/Users/karto/Desktop/StreamNotes/StreamNotes/src/__tests__/ui/Feed.test.tsx:136:10)\n    at C:/Users/karto/Desktop/StreamNotes/StreamNotes/src/__tests__/ui/Feed.test.tsx:358:5\n    at file:///C:/Users/karto/Desktop/StreamNotes/StreamNotes/node_modules/@vitest/runner/dist/chunk-artifact.js:302:11\n    at file:///C:/Users/karto/Desktop/StreamNotes/StreamNotes/node_modules/@vitest/runner/dist/chunk-artifact.js:1893:26","Error: Should not already be working.\n    at performConcurrentWorkOnRoot (C:\\Users\\karto\\Desktop\\StreamNotes\\StreamNotes\\node_modules\\react-dom\\cjs\\react-dom.development.js:25742:11)\n    at flushActQueue (C:\\Users\\karto\\Desktop\\StreamNotes\\StreamNotes\\node_modules\\react\\cjs\\react.development.js:2667:24)\n    at act (C:\\Users\\karto\\Desktop\\StreamNotes\\StreamNotes\\node_modules\\react\\cjs\\react.development.js:2582:11)\n    at C:\\Users\\karto\\Desktop\\StreamNotes\\StreamNotes\\node_modules\\@testing-library\\react\\dist\\act-compat.js:46:25\n    at C:\\Users\\karto\\Desktop\\StreamNotes\\StreamNotes\\node_modules\\@testing-library\\react\\dist\\pure.js:306:28\n    at Array.forEach (<anonymous>)\n    at cleanup (C:\\Users\\karto\\Desktop\\StreamNotes\\StreamNotes\\node_modules\\@testing-library\\react\\dist\\pure.js:302:22)\n    at C:\\Users\\karto\\Desktop\\StreamNotes\\StreamNotes\\node_modules\\@testing-library\\react\\dist\\index.js:28:25\n    at file:///C:/Users/karto/Desktop/StreamNotes/StreamNotes/node_modules/@vitest/runner/dist/chunk-artifact.js:302:11\n    at wrapper (file:///C:/Users/karto/Desktop/StreamNotes/StreamNotes/node_modules/@vitest/runner/dist/chunk-artifact.js:740:10)"],"meta":{},"tags":[]},{"ancestorTitles":["Feed — large datasets (virtualiser)"],"fullName":"Feed — large datasets (virtualiser) renders 100 notes without throwing","status":"failed","title":"renders 100 notes without throwing","duration":4.406999999999925,"failureMessages":["AssertionError: expected [Function] to not throw an error but 'Error: Should not already be working.' was thrown\n    at Proxy.<anonymous> (file:///C:/Users/karto/Desktop/StreamNotes/StreamNotes/node_modules/@vitest/expect/dist/index.js:1551:16)\n    at Proxy.<anonymous> (file:///C:/Users/karto/Desktop/StreamNotes/StreamNotes/node_modules/@vitest/expect/dist/index.js:1155:15)\n    at Proxy.methodWrapper (file:///C:/Users/karto/Desktop/StreamNotes/StreamNotes/node_modules/chai/index.js:1700:25)\n    at C:/Users/karto/Desktop/StreamNotes/StreamNotes/src/__tests__/ui/Feed.test.tsx:371:36\n    at file:///C:/Users/karto/Desktop/StreamNotes/StreamNotes/node_modules/@vitest/runner/dist/chunk-artifact.js:302:11\n    at file:///C:/Users/karto/Desktop/StreamNotes/StreamNotes/node_modules/@vitest/runner/dist/chunk-artifact.js:1893:26\n    at file:///C:/Users/karto/Desktop/StreamNotes/StreamNotes/node_modules/@vitest/runner/dist/chunk-artifact.js:2316:20\n    at new Promise (<anonymous>)\n    at runWithCancel (file:///C:/Users/karto/Desktop/StreamNotes/StreamNotes/node_modules/@vitest/runner/dist/chunk-artifact.js:2313:10)\n    at file:///C:/Users/karto/Desktop/StreamNotes/StreamNotes/node_modules/@vitest/runner/dist/chunk-artifact.js:2295:20","Error: Should not already be working.\n    at performConcurrentWorkOnRoot (C:\\Users\\karto\\Desktop\\StreamNotes\\StreamNotes\\node_modules\\react-dom\\cjs\\react-dom.development.js:25742:11)\n    at flushActQueue (C:\\Users\\karto\\Desktop\\StreamNotes\\StreamNotes\\node_modules\\react\\cjs\\react.development.js:2667:24)\n    at act (C:\\Users\\karto\\Desktop\\StreamNotes\\StreamNotes\\node_modules\\react\\cjs\\react.development.js:2582:11)\n    at C:\\Users\\karto\\Desktop\\StreamNotes\\StreamNotes\\node_modules\\@testing-library\\react\\dist\\act-compat.js:46:25\n    at C:\\Users\\karto\\Desktop\\StreamNotes\\StreamNotes\\node_modules\\@testing-library\\react\\dist\\pure.js:306:28\n    at Array.forEach (<anonymous>)\n    at cleanup (C:\\Users\\karto\\Desktop\\StreamNotes\\StreamNotes\\node_modules\\@testing-library\\react\\dist\\pure.js:302:22)\n    at C:\\Users\\karto\\Desktop\\StreamNotes\\StreamNotes\\node_modules\\@testing-library\\react\\dist\\index.js:28:25\n    at file:///C:/Users/karto/Desktop/StreamNotes/StreamNotes/node_modules/@vitest/runner/dist/chunk-artifact.js:302:11\n    at wrapper (file:///C:/Users/karto/Desktop/StreamNotes/StreamNotes/node_modules/@vitest/runner/dist/chunk-artifact.js:740:10)"],"meta":{},"tags":[]}],"startTime":1776452984621,"endTime":1776452984675.407,"status":"failed","message":"","name":"C:/Users/karto/Desktop/StreamNotes/StreamNotes/src/__tests__/ui/Feed.test.tsx"},{"assertionResults":[{"ancestorTitles":["NoteCard — basic render"],"fullName":"NoteCard — basic render renders \"you\" label for local author","status":"passed","title":"renders \"you\" label for local author","duration":36.28570000000013,"failureMessages":[],"meta":{},"tags":[]},{"ancestorTitles":["NoteCard — basic render"],"fullName":"NoteCard — basic render renders truncated author ID for remote author in non-shared feed","status":"passed","title":"renders truncated author ID for remote author in non-shared feed","duration":6.6477000000002135,"failureMessages":[],"meta":{},"tags":[]},{"ancestorTitles":["NoteCard — basic render"],"fullName":"NoteCard — basic render renders a timestamp","status":"passed","title":"renders a timestamp","duration":5.233800000000201,"failureMessages":[],"meta":{},"tags":[]},{"ancestorTitles":["NoteCard — basic render"],"fullName":"NoteCard — basic render renders note content via TiptapRender","status":"passed","title":"renders note content via TiptapRender","duration":8.058899999999994,"failureMessages":[],"meta":{},"tags":[]},{"ancestorTitles":["NoteCard — basic render"],"fullName":"NoteCard — basic render passes the content string to TiptapRender","status":"passed","title":"passes the content string to TiptapRender","duration":6.273400000000038,"failureMessages":[],"meta":{},"tags":[]},{"ancestorTitles":["NoteCard — props row (status / date chips)"],"fullName":"NoteCard — props row (status / date chips) does NOT show props row when status is \"none\" and no date","status":"passed","title":"does NOT show props row when status is \"none\" and no date","duration":11.800600000000031,"failureMessages":[],"meta":{},"tags":[]},{"ancestorTitles":["NoteCard — props row (status / date chips)"],"fullName":"NoteCard — props row (status / date chips) shows PropChip (select) when properties contain a non-\"none\" status","status":"passed","title":"shows PropChip (select) when properties contain a non-\"none\" status","duration":48.224500000000035,"failureMessages":[],"meta":{},"tags":[]},{"ancestorTitles":["NoteCard — props row (status / date chips)"],"fullName":"NoteCard — props row (status / date chips) shows DateChip (button) when properties contain a date","status":"passed","title":"shows DateChip (button) when properties contain a date","duration":12.891799999999876,"failureMessages":[],"meta":{},"tags":[]},{"ancestorTitles":["NoteCard — props row (status / date chips)"],"fullName":"NoteCard — props row (status / date chips) hides props row again when status is \"done\" via state sync useEffect","status":"passed","title":"hides props row again when status is \"done\" via state sync useEffect","duration":34.86260000000016,"failureMessages":[],"meta":{},"tags":[]},{"ancestorTitles":["NoteCard — status chip interaction"],"fullName":"NoteCard — status chip interaction calls db.exec when status changes via PropChip","status":"passed","title":"calls db.exec when status changes via PropChip","duration":99.28520000000003,"failureMessages":[],"meta":{},"tags":[]},{"ancestorTitles":["NoteCard — click interactions"],"fullName":"NoteCard — click interactions calls onNoteClick with note id when header area is clicked","status":"passed","title":"calls onNoteClick with note id when header area is clicked","duration":7.744300000000067,"failureMessages":[],"meta":{},"tags":[]},{"ancestorTitles":["NoteCard — click interactions"],"fullName":"NoteCard — click interactions calls openContextMenu when right-clicking the card body","status":"passed","title":"calls openContextMenu when right-clicking the card body","duration":4.612100000000055,"failureMessages":[],"meta":{},"tags":[]},{"ancestorTitles":["NoteCard — edit mode"],"fullName":"NoteCard — edit mode shows TweetEditor with edit placeholder when editingNoteId matches","status":"passed","title":"shows TweetEditor with edit placeholder when editingNoteId matches","duration":3.429099999999835,"failureMessages":[],"meta":{},"tags":[]},{"ancestorTitles":["NoteCard — edit mode"],"fullName":"NoteCard — edit mode hides TiptapRender when in edit mode","status":"passed","title":"hides TiptapRender when in edit mode","duration":3.5204999999998563,"failureMessages":[],"meta":{},"tags":[]},{"ancestorTitles":["NoteCard — edit mode"],"fullName":"NoteCard — edit mode calls onCancelEdit when editor cancel is clicked","status":"passed","title":"calls onCancelEdit when editor cancel is clicked","duration":4.481499999999869,"failureMessages":[],"meta":{},"tags":[]},{"ancestorTitles":["NoteCard — edit mode"],"fullName":"NoteCard — edit mode calls onSubmitEdit with note id when editor submit is clicked","status":"passed","title":"calls onSubmitEdit with note id when editor submit is clicked","duration":4.017000000000053,"failureMessages":[],"meta":{},"tags":[]},{"ancestorTitles":["NoteCard — reply mode"],"fullName":"NoteCard — reply mode shows reply TweetEditor when isReplying is true","status":"passed","title":"shows reply TweetEditor when isReplying is true","duration":10.435699999999997,"failureMessages":[],"meta":{},"tags":[]},{"ancestorTitles":["NoteCard — reply mode"],"fullName":"NoteCard — reply mode calls onSubmitReply with note id when reply is submitted","status":"passed","title":"calls onSubmitReply with note id when reply is submitted","duration":5.401399999999967,"failureMessages":[],"meta":{},"tags":[]},{"ancestorTitles":["NoteCard — nested notes"],"fullName":"NoteCard — nested notes renders vertical connector line for depth > 0","status":"passed","title":"renders vertical connector line for depth > 0","duration":4.338500000000067,"failureMessages":[],"meta":{},"tags":[]},{"ancestorTitles":["NoteCard — nested notes"],"fullName":"NoteCard — nested notes does NOT render connector line for depth 0 (top-level)","status":"passed","title":"does NOT render connector line for depth 0 (top-level)","duration":5.623599999999897,"failureMessages":[],"meta":{},"tags":[]},{"ancestorTitles":["NoteCard — edge cases"],"fullName":"NoteCard — edge cases handles malformed properties JSON gracefully (no crash)","status":"passed","title":"handles malformed properties JSON gracefully (no crash)","duration":3.6207999999999174,"failureMessages":[],"meta":{},"tags":[]},{"ancestorTitles":["NoteCard — edge cases"],"fullName":"NoteCard — edge cases handles empty content string gracefully","status":"passed","title":"handles empty content string gracefully","duration":2.788000000000011,"failureMessages":[],"meta":{},"tags":[]},{"ancestorTitles":["NoteCard — edge cases"],"fullName":"NoteCard — edge cases handles extremely long note title without layout crash","status":"passed","title":"handles extremely long note title without layout crash","duration":3.7128000000000156,"failureMessages":[],"meta":{},"tags":[]},{"ancestorTitles":["NoteCard — edge cases"],"fullName":"NoteCard — edge cases renders opacity 0.3 when note is being dragged (draggedId matches)","status":"passed","title":"renders opacity 0.3 when note is being dragged (draggedId matches)","duration":7.4418000000000575,"failureMessages":[],"meta":{},"tags":[]},{"ancestorTitles":["NoteCard — edge cases"],"fullName":"NoteCard — edge cases renders full opacity when draggedId does not match","status":"passed","title":"renders full opacity when draggedId does not match","duration":4.467300000000023,"failureMessages":[],"meta":{},"tags":[]},{"ancestorTitles":["NoteCard — shared feed author badge"],"fullName":"NoteCard — shared feed author badge shows AuthorBadge with \"you\" for local npub in shared feed","status":"passed","title":"shows AuthorBadge with \"you\" for local npub in shared feed","duration":4.214199999999892,"failureMessages":[],"meta":{},"tags":[]},{"ancestorTitles":["NoteCard — shared feed author badge"],"fullName":"NoteCard — shared feed author badge shows truncated remote npub in shared feed for non-local author","status":"passed","title":"shows truncated remote npub in shared feed for non-local author","duration":9.492700000000013,"failureMessages":[],"meta":{},"tags":[]}],"startTime":1776452986896,"endTime":1776452987256.4927,"status":"passed","message":"","name":"C:/Users/karto/Desktop/StreamNotes/StreamNotes/src/__tests__/ui/NoteCard.test.tsx"}]}